Added Component: Designator=C?(Ê10-17Á)
Add component. Clean all parameters for all variants
Added Component: Designator=C?(Ê10-17Á)
Add component. Clean all parameters for all variants
Added Component: Designator=C?(Ê10-17Á)
Add component. Clean all parameters for all variants
Added Component: Designator=C?(Ê50-35)
Add component. Clean all parameters for all variants
Added Component: Designator=R?(Ñ1-4)
Add component. Clean all parameters for all variants
Added Component: Designator=R?(Ñ1-4)
Add component. Clean all parameters for all variants
Added Pin To Net: NetName=NetX4_1 Pin=C?-2
Added Pin To Net: NetName=NetX4_1 Pin=C?-2
Added Pin To Net: NetName=NetX4_1 Pin=R?-1
Added Pin To Net: NetName=NetX4_1 Pin=X3-1
Added Pin To Net: NetName=NetX4_1 Pin=X3-1
Added Pin To Net: NetName=NetX4_1 Pin=ZQ1-2
Change Net Name : Old Net Name=NetX4_1 New Net Name=GND
Added Pin To Net: NetName=NetC?_1 Pin=C?-1
Added Pin To Net: NetName=NetC?_1 Pin=ZQ1-1
Added Net: Name=NetC?_1
Added Pin To Net: NetName=NetSB1_1 Pin=SB1-1
Added Pin To Net: NetName=NetSB1_1 Pin=SB1-1
Added Pin To Net: NetName=NetSB1_1 Pin=X2-1
Added Pin To Net: NetName=NetSB1_1 Pin=X2-1
Added Net: Name=NetSB1_1
Added Member To Class: ClassName=Sheet1 Member=Component C? 150
Added Member To Class: ClassName=Sheet1 Member=Component C? 1000
Added Member To Class: ClassName=Sheet1 Member=Component C? 150
Added Member To Class: ClassName=Sheet1 Member=Component C? 10 ìê
Added Member To Class: ClassName=Sheet1 Member=Component R? 1 ê
Added Member To Class: ClassName=Sheet1 Member=Component R? 15 ê
Added Room: Name=Sheet1
