Change Component Designator: OldDesignator=C? NewDesignator=C1
Change Component Designator: OldDesignator=C? NewDesignator=C2
Change Component Designator: OldDesignator=C? NewDesignator=C3
Change Component Designator: OldDesignator=C? NewDesignator=C4
Change Component Designator: OldDesignator=R? NewDesignator=R1
Change Component Designator: OldDesignator=R? NewDesignator=R2
Change Net Name : Old Net Name=NetC?_1 New Net Name=NetC2_1
Added Pin To Net: NetName=NetC1_1 Pin=C1-1
Added Pin To Net: NetName=NetC1_1 Pin=R1-2
Added Pin To Net: NetName=NetC1_1 Pin=SB1-2
Added Pin To Net: NetName=NetC1_1 Pin=SB1-2
Added Pin To Net: NetName=NetC1_1 Pin=VT1-1
Added Net: Name=NetC1_1
Added Pin To Net: NetName=NetC2_2 Pin=C2-2
Added Pin To Net: NetName=NetC2_2 Pin=C3-1
Added Pin To Net: NetName=NetC2_2 Pin=R1-1
Added Pin To Net: NetName=NetC2_2 Pin=VT1-2
Added Net: Name=NetC2_2
Added Pin To Net: NetName=NetC3_2 Pin=C3-2
Added Pin To Net: NetName=NetC3_2 Pin=C4-1
Added Pin To Net: NetName=NetC3_2 Pin=R2-2
Added Pin To Net: NetName=NetC3_2 Pin=VT1-3
Added Net: Name=NetC3_2
Added Member To Class: ClassName=Sheet1 Member=Component C1 10 לך
Added Member To Class: ClassName=Sheet1 Member=Component C2 1000
Added Member To Class: ClassName=Sheet1 Member=Component C3 150
Added Member To Class: ClassName=Sheet1 Member=Component R1 15 ך
