Removed Pin From Net: NetName=NetR4_1 Pin=VT3-2
Removed Pin From Net: NetName=NetC4_2 Pin=VT3-3
Removed Member From Class: ClassName=Sheet1 Member=VT3
Added Component: Designator=C3(ส50-35)
Add component. Clean all parameters for all variants
Added Component: Designator=TP1(Test_point)
Add component. Clean all parameters for all variants
Added Component: Designator=TP2(Test_point)
Add component. Clean all parameters for all variants
Added Component: Designator=TP3(Test_point)
Add component. Clean all parameters for all variants
Added Component: Designator=TP4(Test_point)
Add component. Clean all parameters for all variants
Added Component: Designator=VT6(สา-26)
Add component. Clean all parameters for all variants
Added Pin To Net: NetName=GND Pin=C3-2
Added Pin To Net: NetName=NetC4_2 Pin=VT6-1
Added Pin To Net: NetName=NetR4_1 Pin=VT6-2
Added Member To Class: ClassName=Sheet1 Member=Component C3 47์๊
Added Member To Class: ClassName=Sheet1 Member=Component C16 0,047์๊
Added Member To Class: ClassName=Sheet1 Member=Component TP1 Test_Point_1
Added Member To Class: ClassName=Sheet1 Member=Component TP2 Test_Point_1
Added Member To Class: ClassName=Sheet1 Member=Component TP3 Test_Point_1
Added Member To Class: ClassName=Sheet1 Member=Component TP4 Test_Point_1
Added Member To Class: ClassName=Sheet1 Member=Component VT6 BC547
Added Room: Name=Sheet1
