Removed Pin From Net: NetName=NetC4_2 Pin=R7-1
Removed Pin From Net: NetName=NetC6_2 Pin=R7-2
Removed Pin From Net: NetName=GND Pin=R7-3
Removed Pin From Net: NetName=NetC15_2 Pin=R13-1
Removed Pin From Net: NetName=NetC17_1 Pin=R16-2
Removed Pin From Net: NetName=NetR16_3 Pin=R17-2
Added Component: Designator=X1(KT)
Add component. Clean all parameters for all variants
Added Component: Designator=X2(KT)
Add component. Clean all parameters for all variants
Added Component: Designator=X3(KT)
Add component. Clean all parameters for all variants
Added Component: Designator=X4(KT)
Add component. Clean all parameters for all variants
Added Component: Designator=X5(KT)
Add component. Clean all parameters for all variants
Added Component: Designator=X6(KT)
Add component. Clean all parameters for all variants
Added Component: Designator=X7(KT)
Add component. Clean all parameters for all variants
Added Component: Designator=X8(KT)
Add component. Clean all parameters for all variants
Added Component: Designator=X9(KT)
Add component. Clean all parameters for all variants
Added Component: Designator=X10(KT)
Add component. Clean all parameters for all variants
Added Component: Designator=X11(KT)
Add component. Clean all parameters for all variants
Added Component: Designator=X12(KT)
Add component. Clean all parameters for all variants
Added Component: Designator=X13(KT)
Add component. Clean all parameters for all variants
Added Pin To Net: NetName=NetC4_2 Pin=X1-1
Added Pin To Net: NetName=NetC6_2 Pin=X2-1
Added Pin To Net: NetName=GND Pin=X3-1
Added Pin To Net: NetName=NetC15_2 Pin=X8-1
Added Pin To Net: NetName=NetR13_2 Pin=X9-1
Added Pin To Net: NetName=NetC17_1 Pin=X10-1
Added Pin To Net: NetName=NetR16_3 Pin=X13-1
Added Pin To Net: NetName=NetR7_1 Pin=R7-1
Added Pin To Net: NetName=NetR7_1 Pin=X4-1
Added Net: Name=NetR7_1
Added Pin To Net: NetName=NetR7_2 Pin=R7-2
Added Pin To Net: NetName=NetR7_2 Pin=X5-1
Added Net: Name=NetR7_2
Added Pin To Net: NetName=NetR7_3 Pin=R7-3
Added Pin To Net: NetName=NetR7_3 Pin=X6-1
Added Net: Name=NetR7_3
Added Pin To Net: NetName=NetR13_1 Pin=R13-1
Added Pin To Net: NetName=NetR13_1 Pin=X7-1
Added Net: Name=NetR13_1
Added Pin To Net: NetName=NetR16_2 Pin=R16-2
Added Pin To Net: NetName=NetR16_2 Pin=X12-1
Added Net: Name=NetR16_2
Added Pin To Net: NetName=NetR17_2 Pin=R17-2
Added Pin To Net: NetName=NetR17_2 Pin=X11-1
Added Net: Name=NetR17_2
Added Member To Class: ClassName=Sheet1 Member=Component C16 0,047์๊
Added Member To Class: ClassName=Sheet1 Member=Component X1 สา
Added Member To Class: ClassName=Sheet1 Member=Component X2 สา
Added Member To Class: ClassName=Sheet1 Member=Component X3 สา
Added Member To Class: ClassName=Sheet1 Member=Component X4 สา
Added Member To Class: ClassName=Sheet1 Member=Component X5 สา
Added Member To Class: ClassName=Sheet1 Member=Component X6 สา
Added Member To Class: ClassName=Sheet1 Member=Component X7 สา
Added Member To Class: ClassName=Sheet1 Member=Component X8 สา
Added Member To Class: ClassName=Sheet1 Member=Component X9 สา
Added Member To Class: ClassName=Sheet1 Member=Component X10 สา
Added Member To Class: ClassName=Sheet1 Member=Component X11 สา
Added Member To Class: ClassName=Sheet1 Member=Component X12 สา
Added Member To Class: ClassName=Sheet1 Member=Component X13 สา
Added Room: Name=Sheet1
