Removed Member From Class: ClassName=Sheet1 Member=C?
Removed Member From Class: ClassName=Sheet1 Member=R?
Removed Member From Class: ClassName=Sheet1 Member=VT?
Removed Member From Class: ClassName=Sheet1 Member=XS?
Change Component Comment : Designator=C? Old Comment=1000 New Comment=100
Change Component Comment : Designator=R? Old Comment=? ־ל New Comment=1ך־ל
Change Component Designator: OldDesignator=C? NewDesignator=C8
Change Component Designator: OldDesignator=HL? NewDesignator=HL1
Change Component Designator: OldDesignator=L? NewDesignator=L1
Change Component Designator: OldDesignator=L? NewDesignator=L2
Change Component Designator: OldDesignator=L? NewDesignator=L3
Change Component Designator: OldDesignator=R? NewDesignator=R12
Change Component Designator: OldDesignator=R? NewDesignator=R13
Change Component Designator: OldDesignator=R? NewDesignator=R16
Change Component Designator: OldDesignator=TP? NewDesignator=TP4
Change Component Designator: OldDesignator=VD? NewDesignator=VD1
Change Component Designator: OldDesignator=VD? NewDesignator=VD2
Added Component: Designator=C1(50-35)
Add component. Clean all parameters for all variants
Added Component: Designator=C2(50-35)
Add component. Clean all parameters for all variants
Added Component: Designator=C3(50-35)
Add component. Clean all parameters for all variants
Added Component: Designator=C4(10-17ֱ)
Add component. Clean all parameters for all variants
Added Component: Designator=C5(10-17ֱ)
Add component. Clean all parameters for all variants
Added Component: Designator=C6(10-17ֱ)
Add component. Clean all parameters for all variants
Added Component: Designator=C7(10-17ֱ)
Add component. Clean all parameters for all variants
Added Component: Designator=C9(10-17ֱ)
Add component. Clean all parameters for all variants
Added Component: Designator=C10(10-17ֱ)
Add component. Clean all parameters for all variants
Added Component: Designator=C11(10-17ֱ)
Add component. Clean all parameters for all variants
Added Component: Designator=C12(10-17ֱ)
Add component. Clean all parameters for all variants
Added Component: Designator=C13(10-17ֱ)
Add component. Clean all parameters for all variants
Added Component: Designator=C14(10-17ֱ)
Add component. Clean all parameters for all variants
Added Component: Designator=C15(10-17ֱ)
Add component. Clean all parameters for all variants
Added Component: Designator=C16(10-17ֱ)
Add component. Clean all parameters for all variants
Added Component: Designator=C17(50-35)
Add component. Clean all parameters for all variants
Added Component: Designator=R1(ׁ1-4)
Add component. Clean all parameters for all variants
Added Component: Designator=R2(ׁ1-4)
Add component. Clean all parameters for all variants
Added Component: Designator=R3(ׁ1-4)
Add component. Clean all parameters for all variants
Added Component: Designator=R4(ׁ1-4)
Add component. Clean all parameters for all variants
Added Component: Designator=R5(ׁ1-4)
Add component. Clean all parameters for all variants
Added Component: Designator=R6(ׁ1-4)
Add component. Clean all parameters for all variants
Added Component: Designator=R7(WH148)
Add component. Clean all parameters for all variants
Added Component: Designator=R8(ׁ1-4)
Add component. Clean all parameters for all variants
Added Component: Designator=R9(ׁ1-4)
Add component. Clean all parameters for all variants
Added Component: Designator=R10(ׁ1-4)
Add component. Clean all parameters for all variants
Added Component: Designator=R11(ׁ1-4)
Add component. Clean all parameters for all variants
Added Component: Designator=R14(ׁ1-4)
Add component. Clean all parameters for all variants
Added Component: Designator=R15(ׁ1-4)
Add component. Clean all parameters for all variants
Added Component: Designator=R17(ׁ1-4)
Add component. Clean all parameters for all variants
Added Component: Designator=TP1(Test_point)
Add component. Clean all parameters for all variants
Added Component: Designator=TP2(Test_point)
Add component. Clean all parameters for all variants
Added Component: Designator=TP3(Test_point)
Add component. Clean all parameters for all variants
Added Component: Designator=VD3(SOD323)
Add component. Clean all parameters for all variants
Added Component: Designator=VD4(SOD323)
Add component. Clean all parameters for all variants
Added Component: Designator=VT1(SOT23)
Add component. Clean all parameters for all variants
Added Component: Designator=VT2(ׂ-26)
Add component. Clean all parameters for all variants
Added Component: Designator=VT3(SOT23)
Add component. Clean all parameters for all variants
Added Component: Designator=VT4(SOT23)
Add component. Clean all parameters for all variants
Added Component: Designator=VT5(SOT23)
Add component. Clean all parameters for all variants
Added Component: Designator=VT6(ׂ-26)
Add component. Clean all parameters for all variants
Added Component: Designator=XP1(PLS-2)
Add component. Clean all parameters for all variants
Added Component: Designator=XS1(PJ-317)
Add component. Clean all parameters for all variants
Added Component: Designator=XW1(HYR-0142AR)
Add component. Clean all parameters for all variants
Added Pin To Net: NetName=GND Pin=C1-2
Added Pin To Net: NetName=GND Pin=C2-2
Added Pin To Net: NetName=GND Pin=C4-1
Added Pin To Net: NetName=GND Pin=C8-1
Added Pin To Net: NetName=GND Pin=C9-1
Added Pin To Net: NetName=GND Pin=C10-1
Added Pin To Net: NetName=GND Pin=C14-1
Added Pin To Net: NetName=GND Pin=C15-1
Added Pin To Net: NetName=GND Pin=C16-1
Added Pin To Net: NetName=GND Pin=C17-2
Added Pin To Net: NetName=GND Pin=L1-3
Added Pin To Net: NetName=GND Pin=L1-5
Added Pin To Net: NetName=GND Pin=L3-3
Added Pin To Net: NetName=GND Pin=L3-5
Added Pin To Net: NetName=GND Pin=R7-3
Added Pin To Net: NetName=GND Pin=R10-1
Added Pin To Net: NetName=GND Pin=R11-1
Added Pin To Net: NetName=GND Pin=R15-1
Added Pin To Net: NetName=GND Pin=R17-1
Added Pin To Net: NetName=GND Pin=VD3-2
Added Pin To Net: NetName=GND Pin=VD4-2
Added Pin To Net: NetName=GND Pin=VT2-1
Added Pin To Net: NetName=GND Pin=VT4-2
Added Pin To Net: NetName=GND Pin=XP1-2
Added Pin To Net: NetName=GND Pin=XS1-1
Added Pin To Net: NetName=GND Pin=XW1-1
Added Net: Name=GND
Added Pin To Net: NetName=NetC1_1 Pin=C1-1
Added Pin To Net: NetName=NetC1_1 Pin=R1-2
Added Pin To Net: NetName=NetC1_1 Pin=R4-2
Added Pin To Net: NetName=NetC1_1 Pin=R5-2
Added Net: Name=NetC1_1
Added Pin To Net: NetName=NetC2_1 Pin=C2-1
Added Pin To Net: NetName=NetC2_1 Pin=R1-1
Added Pin To Net: NetName=NetC2_1 Pin=R2-2
Added Pin To Net: NetName=NetC2_1 Pin=R3-2
Added Pin To Net: NetName=NetC2_1 Pin=VT1-3
Added Net: Name=NetC2_1
Added Pin To Net: NetName=NetC3_1 Pin=C3-1
Added Pin To Net: NetName=NetC3_1 Pin=C10-2
Added Pin To Net: NetName=NetC3_1 Pin=R8-1
Added Pin To Net: NetName=NetC3_1 Pin=VT1-2
Added Pin To Net: NetName=NetC3_1 Pin=VT2-3
Added Net: Name=NetC3_1
Added Pin To Net: NetName=NetC3_2 Pin=C3-2
Added Pin To Net: NetName=NetC3_2 Pin=XS1-3
Added Pin To Net: NetName=NetC3_2 Pin=XS1-4
Added Net: Name=NetC3_2
Added Pin To Net: NetName=NetC4_2 Pin=C4-2
Added Pin To Net: NetName=NetC4_2 Pin=R5-1
Added Pin To Net: NetName=NetC4_2 Pin=R7-1
Added Pin To Net: NetName=NetC4_2 Pin=VT3-3
Added Net: Name=NetC4_2
Added Pin To Net: NetName=NetC5_1 Pin=C5-1
Added Pin To Net: NetName=NetC5_1 Pin=C8-2
Added Pin To Net: NetName=NetC5_1 Pin=L1-1
Added Net: Name=NetC5_1
Added Pin To Net: NetName=NetC5_2 Pin=C5-2
Added Pin To Net: NetName=NetC5_2 Pin=XW1-2
Added Net: Name=NetC5_2
Added Pin To Net: NetName=NetC6_1 Pin=C6-1
Added Pin To Net: NetName=NetC6_1 Pin=R8-2
Added Pin To Net: NetName=NetC6_1 Pin=VT4-1
Added Net: Name=NetC6_1
Added Pin To Net: NetName=NetC6_2 Pin=C6-2
Added Pin To Net: NetName=NetC6_2 Pin=R7-2
Added Net: Name=NetC6_2
Added Pin To Net: NetName=NetC7_1 Pin=C7-1
Added Pin To Net: NetName=NetC7_1 Pin=R9-2
Added Pin To Net: NetName=NetC7_1 Pin=R10-2
Added Pin To Net: NetName=NetC7_1 Pin=VT5-1
Added Pin To Net: NetName=NetC7_1 Pin=VT5-2
Added Net: Name=NetC7_1
Added Pin To Net: NetName=NetC7_2 Pin=C7-2
Added Pin To Net: NetName=NetC7_2 Pin=C9-2
Added Pin To Net: NetName=NetC7_2 Pin=L2-2
Added Net: Name=NetC7_2
Added Pin To Net: NetName=NetC11_1 Pin=C11-1
Added Pin To Net: NetName=NetC11_1 Pin=L3-4
Added Net: Name=NetC11_1
Added Pin To Net: NetName=NetC11_2 Pin=C11-2
Added Pin To Net: NetName=NetC11_2 Pin=L2-1
Added Pin To Net: NetName=NetC11_2 Pin=VD1-2
Added Pin To Net: NetName=NetC11_2 Pin=VD2-1
Added Net: Name=NetC11_2
Added Pin To Net: NetName=NetC12_1 Pin=C12-1
Added Pin To Net: NetName=NetC12_1 Pin=C14-2
Added Pin To Net: NetName=NetC12_1 Pin=R12-1
Added Pin To Net: NetName=NetC12_1 Pin=VT6-3
Added Net: Name=NetC12_1
Added Pin To Net: NetName=NetC12_2 Pin=C12-2
Added Pin To Net: NetName=NetC12_2 Pin=C13-1
Added Pin To Net: NetName=NetC12_2 Pin=L3-1
Added Pin To Net: NetName=NetC12_2 Pin=VT6-1
Added Net: Name=NetC12_2
Added Pin To Net: NetName=NetC13_2 Pin=C13-2
Added Pin To Net: NetName=NetC13_2 Pin=R14-2
Added Pin To Net: NetName=NetC13_2 Pin=VD3-1
Added Pin To Net: NetName=NetC13_2 Pin=VD4-1
Added Net: Name=NetC13_2
Added Pin To Net: NetName=NetC15_2 Pin=C15-2
Added Pin To Net: NetName=NetC15_2 Pin=R12-2
Added Net: Name=NetC15_2
Added Pin To Net: NetName=NetC16_2 Pin=C16-2
Added Pin To Net: NetName=NetC16_2 Pin=R15-2
Added Pin To Net: NetName=NetC16_2 Pin=VT6-2
Added Net: Name=NetC16_2
Added Pin To Net: NetName=NetC17_1 Pin=C17-1
Added Pin To Net: NetName=NetC17_1 Pin=R14-1
Added Pin To Net: NetName=NetC17_1 Pin=R16-2
Added Net: Name=NetC17_1
Added Pin To Net: NetName=NetL1_4 Pin=L1-4
Added Pin To Net: NetName=NetL1_4 Pin=VD1-1
Added Pin To Net: NetName=NetL1_4 Pin=VD2-2
Added Net: Name=NetL1_4
Added Pin To Net: NetName=NetR3_1 Pin=R3-1
Added Pin To Net: NetName=NetR3_1 Pin=R6-2
Added Pin To Net: NetName=NetR3_1 Pin=VT1-1
Added Net: Name=NetR3_1
Added Pin To Net: NetName=NetR4_1 Pin=R4-1
Added Pin To Net: NetName=NetR4_1 Pin=VT3-1
Added Pin To Net: NetName=NetR4_1 Pin=VT5-3
Added Net: Name=NetR4_1
Added Pin To Net: NetName=NetR6_1 Pin=R6-1
Added Pin To Net: NetName=NetR6_1 Pin=VT2-2
Added Pin To Net: NetName=NetR6_1 Pin=VT4-3
Added Net: Name=NetR6_1
Added Pin To Net: NetName=NetR9_1 Pin=R9-1
Added Pin To Net: NetName=NetR9_1 Pin=R11-2
Added Pin To Net: NetName=NetR9_1 Pin=VT3-2
Added Net: Name=NetR9_1
Added Pin To Net: NetName=NetR13_2 Pin=R13-2
Added Pin To Net: NetName=NetR13_2 Pin=R13-3
Added Pin To Net: NetName=NetR13_2 Pin=R16-1
Added Net: Name=NetR13_2
Added Pin To Net: NetName=NetR16_3 Pin=R16-3
Added Pin To Net: NetName=NetR16_3 Pin=R17-2
Added Net: Name=NetR16_3
Added Pin To Net: NetName=NetXP1_1 Pin=XP1-1
Added Pin To Net: NetName=NetXP1_1 Pin=XS1-2
Added Pin To Net: NetName=NetXP1_1 Pin=XS1-5
Added Net: Name=NetXP1_1
Added Member To Class: ClassName=Sheet1 Member=Component C1 10 לך
Added Member To Class: ClassName=Sheet1 Member=Component C2 470לך
Added Member To Class: ClassName=Sheet1 Member=Component C3 470לך
Added Member To Class: ClassName=Sheet1 Member=Component C4 0.01 לך
Added Member To Class: ClassName=Sheet1 Member=Component C5 20
Added Member To Class: ClassName=Sheet1 Member=Component C6 0.1 לך
Added Member To Class: ClassName=Sheet1 Member=Component C7 0.1 לך
Added Member To Class: ClassName=Sheet1 Member=Component C8 100
Added Member To Class: ClassName=Sheet1 Member=Component C9 0.1 לך
Added Member To Class: ClassName=Sheet1 Member=Component C10 0.01 לך
Added Member To Class: ClassName=Sheet1 Member=Component C11 0.1 לך
Added Member To Class: ClassName=Sheet1 Member=Component C12 470
Added Member To Class: ClassName=Sheet1 Member=Component C13 300
Added Member To Class: ClassName=Sheet1 Member=Component C14 4700
Added Member To Class: ClassName=Sheet1 Member=Component C15 0.1 לך
Added Member To Class: ClassName=Sheet1 Member=Component C16 0,047לך
Added Member To Class: ClassName=Sheet1 Member=Component C17 10 לך
Added Member To Class: ClassName=Sheet1 Member=Component L1 Trim_coil_2
Added Member To Class: ClassName=Sheet1 Member=Component L2 T50-6
Added Member To Class: ClassName=Sheet1 Member=Component R1 470 ־ל
Added Member To Class: ClassName=Sheet1 Member=Component R2 47 ־ל
Added Member To Class: ClassName=Sheet1 Member=Component R3 4.7 ך־ל
Added Member To Class: ClassName=Sheet1 Member=Component R4 20 ך־ל
Added Member To Class: ClassName=Sheet1 Member=Component R5 2 ך־ל
Added Member To Class: ClassName=Sheet1 Member=Component R6 2 ך־ל
Added Member To Class: ClassName=Sheet1 Member=Component R7 WH148
Added Member To Class: ClassName=Sheet1 Member=Component R8 1 ּ־ל
Added Member To Class: ClassName=Sheet1 Member=Component R9 200 ך־ל
Added Member To Class: ClassName=Sheet1 Member=Component R10 100 ־ל
Added Member To Class: ClassName=Sheet1 Member=Component R11 2 ך־ל
Added Member To Class: ClassName=Sheet1 Member=Component R12 1ך־ל
Added Member To Class: ClassName=Sheet1 Member=Component R13 WH148
Added Member To Class: ClassName=Sheet1 Member=Component R14 100 ך־ל
Added Member To Class: ClassName=Sheet1 Member=Component R15 100 ך־ל
Added Member To Class: ClassName=Sheet1 Member=Component R16 WH148
Added Member To Class: ClassName=Sheet1 Member=Component R17 1ך־ל
Added Member To Class: ClassName=Sheet1 Member=Component TP1 Test_Point_1
Added Member To Class: ClassName=Sheet1 Member=Component TP2 Test_Point_1
Added Member To Class: ClassName=Sheet1 Member=Component TP3 Test_Point_1
Added Member To Class: ClassName=Sheet1 Member=Component VD2 1N4148
Added Member To Class: ClassName=Sheet1 Member=Component VD3 BB133
Added Member To Class: ClassName=Sheet1 Member=Component VD4 BB133
Added Member To Class: ClassName=Sheet1 Member=Component VT1 BC847
Added Member To Class: ClassName=Sheet1 Member=Component VT2 BC557
Added Member To Class: ClassName=Sheet1 Member=Component VT3 BC847
Added Member To Class: ClassName=Sheet1 Member=Component VT4 BC847
Added Member To Class: ClassName=Sheet1 Member=Component VT5 BC847
Added Member To Class: ClassName=Sheet1 Member=Component VT6 BC557
Added Member To Class: ClassName=Sheet1 Member=Component XP1 PLS-2
Added Member To Class: ClassName=Sheet1 Member=Component XS1 PJ-317
Added Member To Class: ClassName=Sheet1 Member=Component XW1 HYR-0142AR
Added Room: Name=Sheet1
