Removed Pin From Net: NetName=NetC19_2 Pin=X?-1
Removed Pin From Net: NetName=NetC19_2 Pin=X?-1
Removed Member From Class: ClassName=Sheet1 Member=C21
Change Component Designator: OldDesignator=C5 NewDesignator=C1
Change Component Designator: OldDesignator=C6 NewDesignator=C2
Change Component Designator: OldDesignator=C7 NewDesignator=C3
Change Component Designator: OldDesignator=C8 NewDesignator=C4
Change Component Designator: OldDesignator=C9 NewDesignator=C5
Change Component Designator: OldDesignator=C10 NewDesignator=C6
Change Component Designator: OldDesignator=C11 NewDesignator=ׁ7
Change Component Designator: OldDesignator=C12 NewDesignator=C8
Change Component Designator: OldDesignator=C13 NewDesignator=C9
Change Component Designator: OldDesignator=C14 NewDesignator=C10
Change Component Designator: OldDesignator=C15 NewDesignator=C11
Change Component Designator: OldDesignator=C16 NewDesignator=C13
Change Component Designator: OldDesignator=C17 NewDesignator=C14
Change Component Designator: OldDesignator=C18 NewDesignator=C15
Change Component Designator: OldDesignator=C19 NewDesignator=C16
Change Component Designator: OldDesignator=C20 NewDesignator=C17
Change Component Designator: OldDesignator=C21 NewDesignator=C18
Change Component Designator: OldDesignator=C23 NewDesignator=C20
Change Component Designator: OldDesignator=C24 NewDesignator=C12
Change Component Designator: OldDesignator=R3 NewDesignator=R2
Change Component Designator: OldDesignator=R6 NewDesignator=R5
Change Component Designator: OldDesignator=R7 NewDesignator=R6
Change Component Designator: OldDesignator=R8 NewDesignator=R7
Change Component Designator: OldDesignator=R9 NewDesignator=R8
Change Component Designator: OldDesignator=R10 NewDesignator=R9
Change Component Designator: OldDesignator=R12 NewDesignator=R10
Change Component Designator: OldDesignator=R13 NewDesignator=R12
Change Component Designator: OldDesignator=R15 NewDesignator=R14
Change Component Designator: OldDesignator=R16 NewDesignator=R15
Change Component Designator: OldDesignator=R17 NewDesignator=R16
Change Component Designator: OldDesignator=R18 NewDesignator=R17
Change Component Designator: OldDesignator=R19 NewDesignator=R18
Change Component Designator: OldDesignator=VD5 NewDesignator=VD3
Change Component Designator: OldDesignator=VT2 NewDesignator=VT1
Change Component Designator: OldDesignator=VT3 NewDesignator=VT2
Change Component Designator: OldDesignator=VT4 NewDesignator=VT3
Change Component Designator: OldDesignator=VT5 NewDesignator=VT4
Change Component Designator: OldDesignator=VT6 NewDesignator=VT5
Change Component Designator: OldDesignator=VT7 NewDesignator=VT6
Added Component: Designator=R1(ׁ1-4)
Added Pin To Net: NetName=NetC19_2 Pin=R1-1
Change Net Name : Old Net Name=NetC5_2 New Net Name=NetC1_2
Change Net Name : Old Net Name=NetC6_2 New Net Name=NetC2_2
Change Net Name : Old Net Name=NetC7_1 New Net Name=NetC3_1
Change Net Name : Old Net Name=NetC7_2 New Net Name=NetC3_2
Change Net Name : Old Net Name=NetC8_1 New Net Name=NetC4_1
Change Net Name : Old Net Name=NetC9_2 New Net Name=NetC5_2
Change Net Name : Old Net Name=NetC10_1 New Net Name=NetC6_1
Change Net Name : Old Net Name=NetC11_1 New Net Name=NetC8_2
Change Net Name : Old Net Name=NetC11_2 New Net Name=NetR5_2
Change Net Name : Old Net Name=NetC12_1 New Net Name=NetC8_1
Change Net Name : Old Net Name=NetC13_2 New Net Name=NetC9_2
Change Net Name : Old Net Name=NetC16_2 New Net Name=NetC12_2
Change Net Name : Old Net Name=NetC17_1 New Net Name=NetC14_1
Change Net Name : Old Net Name=NetC18_1 New Net Name=NetC15_1
Change Net Name : Old Net Name=NetC19_2 New Net Name=NetC16_2
Change Net Name : Old Net Name=NetC20_1 New Net Name=NetC17_1
Change Net Name : Old Net Name=NetC20_2 New Net Name=NetC17_2
Change Net Name : Old Net Name=NetC23_1 New Net Name=NetC20_1
Change Net Name : Old Net Name=NetC23_2 New Net Name=NetC20_2
Change Net Name : Old Net Name=NetC24_1 New Net Name=NetC12_1
Change Net Name : Old Net Name=NetR3_2 New Net Name=NetR2_2
Change Net Name : Old Net Name=NetR7_1 New Net Name=NetR6_1
Change Net Name : Old Net Name=NetR8_2 New Net Name=NetR7_2
Change Net Name : Old Net Name=NetR16_1 New Net Name=NetR15_1
Change Net Name : Old Net Name=NetR17_1 New Net Name=NetR16_1
Added Pin To Net: NetName=NetR1_2 Pin=R1-2
Added Pin To Net: NetName=NetR1_2 Pin=X?-1
Added Pin To Net: NetName=NetR1_2 Pin=X?-1
Added Net: Name=NetR1_2
Added Member To Class: ClassName=Sheet1 Member=Component R1 3,3ך
Added Member To Class: ClassName=Sheet1 Member=Component X? SMT_Contact
Added Member To Class: ClassName=Sheet1 Member=Component X? SMT_Contact
Added Member To Class: ClassName=Sheet1 Member=Component X? SMT_Contact
Added Member To Class: ClassName=Sheet1 Member=Component X? ׂ
Added Member To Class: ClassName=Sheet1 Member=Component X? SMT_Contact
Added Member To Class: ClassName=Sheet1 Member=Component X? SMT_Contact
Added Member To Class: ClassName=Sheet1 Member=Component X? SMT_Contact
Added Member To Class: ClassName=Sheet1 Member=Component X? SMT_Contact
Added Member To Class: ClassName=Sheet1 Member=Component X? SMT_Contact
Added Member To Class: ClassName=Sheet1 Member=Component X? SMT_Contact
Added Member To Class: ClassName=Sheet1 Member=Component X? SMT_Contact
Added Member To Class: ClassName=Sheet1 Member=Component ׁ7 0.01 לך
Added Room: Name=Sheet1
