Removed Member From Class: ClassName=Sheet1 Member=C18
Removed Member From Class: ClassName=Sheet1 Member=C?
Removed Member From Class: ClassName=Sheet1 Member=R14
Removed Member From Class: ClassName=Sheet1 Member=R15
Removed Member From Class: ClassName=Sheet1 Member=VT6
Change Component Designator: OldDesignator=C1 NewDesignator=C18
Change Component Designator: OldDesignator=C2 NewDesignator=C22
Change Component Designator: OldDesignator=C3 NewDesignator=C23
Change Component Designator: OldDesignator=C4 NewDesignator=C16
Change Component Designator: OldDesignator=C5 NewDesignator=C6
Change Component Designator: OldDesignator=C6 NewDesignator=C20
Change Component Designator: OldDesignator=C7 NewDesignator=C10
Change Component Designator: OldDesignator=C8 NewDesignator=C17
Change Component Designator: OldDesignator=C9 NewDesignator=C5
Change Component Designator: OldDesignator=C10 NewDesignator=C9
Change Component Designator: OldDesignator=C12 NewDesignator=C7
Change Component Designator: OldDesignator=C13 NewDesignator=C12
Change Component Designator: OldDesignator=C14 NewDesignator=C21
Change Component Designator: OldDesignator=C15 NewDesignator=C11
Change Component Designator: OldDesignator=C16 NewDesignator=C15
Change Component Designator: OldDesignator=C17 NewDesignator=C19
Change Component Designator: OldDesignator=C18 NewDesignator=C13
Change Component Designator: OldDesignator=C19 NewDesignator=C8
Change Component Designator: OldDesignator=C? NewDesignator=C14
Change Component Designator: OldDesignator=L2 NewDesignator=L3
Change Component Designator: OldDesignator=L3 NewDesignator=L2
Change Component Designator: OldDesignator=R1 NewDesignator=R15
Change Component Designator: OldDesignator=R2 NewDesignator=R19
Change Component Designator: OldDesignator=R3 NewDesignator=R16
Change Component Designator: OldDesignator=R4 NewDesignator=R7
Change Component Designator: OldDesignator=R5 NewDesignator=R11
Change Component Designator: OldDesignator=R6 NewDesignator=R17
Change Component Designator: OldDesignator=R7 NewDesignator=R18
Change Component Designator: OldDesignator=R8 NewDesignator=R9
Change Component Designator: OldDesignator=R10 NewDesignator=R8
Change Component Designator: OldDesignator=R11 NewDesignator=R12
Change Component Designator: OldDesignator=R12 NewDesignator=R13
Change Component Designator: OldDesignator=R14 NewDesignator=R6
Change Component Designator: OldDesignator=R15 NewDesignator=R10
Change Component Designator: OldDesignator=R17 NewDesignator=R3
Change Component Designator: OldDesignator=VT1 NewDesignator=VT6
Change Component Designator: OldDesignator=VT2 NewDesignator=VT7
Change Component Designator: OldDesignator=VT3 NewDesignator=VT4
Change Component Designator: OldDesignator=VT4 NewDesignator=VT5
Change Component Designator: OldDesignator=VT5 NewDesignator=VT3
Change Component Designator: OldDesignator=VT6 NewDesignator=VT2
Change Net Name : Old Net Name=NetC1_1 New Net Name=NetC18_1
Change Net Name : Old Net Name=NetC2_1 New Net Name=NetC22_1
Change Net Name : Old Net Name=NetC3_1 New Net Name=NetC23_1
Change Net Name : Old Net Name=NetC3_2 New Net Name=NetC23_2
Change Net Name : Old Net Name=NetC4_2 New Net Name=NetC16_2
Change Net Name : Old Net Name=NetC5_1 New Net Name=NetC5_2
Change Net Name : Old Net Name=NetC5_2 New Net Name=NetC6_2
Change Net Name : Old Net Name=NetC6_1 New Net Name=NetC20_1
Change Net Name : Old Net Name=NetC6_2 New Net Name=NetC20_2
Change Net Name : Old Net Name=NetC7_1 New Net Name=NetC10_1
Change Net Name : Old Net Name=NetC7_2 New Net Name=NetC9_2
Change Net Name : Old Net Name=NetC8_1 New Net Name=NetC17_1
Change Net Name : Old Net Name=NetC12_1 New Net Name=NetC7_1
Change Net Name : Old Net Name=NetC12_2 New Net Name=NetC7_2
Change Net Name : Old Net Name=NetC13_1 New Net Name=NetC12_1
Change Net Name : Old Net Name=NetC13_2 New Net Name=NetC11_1
Change Net Name : Old Net Name=NetC15_2 New Net Name=NetC11_2
Change Net Name : Old Net Name=NetC17_2 New Net Name=NetC19_2
Change Net Name : Old Net Name=NetC18_2 New Net Name=NetC13_2
Change Net Name : Old Net Name=NetC19_1 New Net Name=NetC8_1
Change Net Name : Old Net Name=NetR3_1 New Net Name=NetR16_1
Change Net Name : Old Net Name=NetR4_1 New Net Name=NetR7_1
Change Net Name : Old Net Name=NetR6_1 New Net Name=NetR17_1
Change Net Name : Old Net Name=NetR10_2 New Net Name=NetR8_2
Change Net Name : Old Net Name=NetR17_2 New Net Name=NetR3_2
Added Member To Class: ClassName=Sheet1 Member=Component C20 0.1 לך
Added Member To Class: ClassName=Sheet1 Member=Component C21 0.1 לך
Added Member To Class: ClassName=Sheet1 Member=Component R9 200 ך־ל
Added Member To Class: ClassName=Sheet1 Member=Component R16 4.7 ך־ל
Added Member To Class: ClassName=Sheet1 Member=Component VT7 BC557
Added Member To Class: ClassName=Sheet1 Member=Component X? SMT_Contact
Added Member To Class: ClassName=Sheet1 Member=Component X? SMT_Contact
Added Member To Class: ClassName=Sheet1 Member=Component X? SMT_Contact
Added Member To Class: ClassName=Sheet1 Member=Component X? SMT_Contact
Added Member To Class: ClassName=Sheet1 Member=Component X? SMT_Contact
Added Member To Class: ClassName=Sheet1 Member=Component X? SMT_Contact
Added Member To Class: ClassName=Sheet1 Member=Component X? SMT_Contact
Added Member To Class: ClassName=Sheet1 Member=Component X? SMT_Contact
Added Member To Class: ClassName=Sheet1 Member=Component X? SMT_Contact
Added Room: Name=Sheet1
