Removed Pin From Net: NetName=NetR3_1 Pin=VT1-1
Removed Pin From Net: NetName=NetC3_1 Pin=VT1-2
Removed Pin From Net: NetName=NetC2_1 Pin=VT1-3
Removed Pin From Net: NetName=GND Pin=VT2-1
Removed Pin From Net: NetName=NetR6_1 Pin=VT2-2
Removed Pin From Net: NetName=NetC3_1 Pin=VT2-3
Removed Pin From Net: NetName=NetR4_1 Pin=VT3-1
Removed Pin From Net: NetName=NetR9_1 Pin=VT3-2
Removed Pin From Net: NetName=NetC4_2 Pin=VT3-3
Removed Pin From Net: NetName=NetC6_1 Pin=VT4-1
Removed Pin From Net: NetName=GND Pin=VT4-2
Removed Pin From Net: NetName=NetR6_1 Pin=VT4-3
Removed Pin From Net: NetName=NetC7_1 Pin=VT5-1
Removed Pin From Net: NetName=NetC7_1 Pin=VT5-2
Removed Pin From Net: NetName=NetR4_1 Pin=VT5-3
Removed Member From Class: ClassName=Sheet1 Member=VT1
Removed Member From Class: ClassName=Sheet1 Member=VT2
Removed Member From Class: ClassName=Sheet1 Member=VT3
Removed Member From Class: ClassName=Sheet1 Member=VT4
Removed Member From Class: ClassName=Sheet1 Member=VT5
Change Component Designator: OldDesignator=DA? NewDesignator=DA1
Added Component: Designator=VT?(สา-26)
Add component. Clean all parameters for all variants
Added Component: Designator=VT?(สา-26)
Add component. Clean all parameters for all variants
Added Component: Designator=VT?(สา-26)
Add component. Clean all parameters for all variants
Added Component: Designator=VT?(สา-26)
Add component. Clean all parameters for all variants
Added Component: Designator=VT?(สา-26)
Add component. Clean all parameters for all variants
Added Pin To Net: NetName=GND Pin=VT?-1
Added Pin To Net: NetName=NetC2_1 Pin=VT?-1
Added Pin To Net: NetName=NetR4_1 Pin=VT?-1
Added Pin To Net: NetName=NetR6_1 Pin=VT?-1
Added Pin To Net: NetName=NetR9_1 Pin=VT?-1
Added Pin To Net: NetName=NetC6_1 Pin=VT?-2
Added Pin To Net: NetName=NetC7_1 Pin=VT?-2
Added Pin To Net: NetName=NetR3_1 Pin=VT?-2
Added Pin To Net: NetName=NetR4_1 Pin=VT?-2
Added Pin To Net: NetName=NetR6_1 Pin=VT?-2
Added Pin To Net: NetName=GND Pin=VT?-3
Added Pin To Net: NetName=NetC3_1 Pin=VT?-3
Added Pin To Net: NetName=NetC3_1 Pin=VT?-3
Added Pin To Net: NetName=NetC4_2 Pin=VT?-3
Added Pin To Net: NetName=NetC7_1 Pin=VT?-3
Added Member To Class: ClassName=Sheet1 Member=Component C16 0.1 ์๊
Added Member To Class: ClassName=Sheet1 Member=Component VT? BC557
Added Member To Class: ClassName=Sheet1 Member=Component VT? BC547
Added Member To Class: ClassName=Sheet1 Member=Component VT? BC547
Added Member To Class: ClassName=Sheet1 Member=Component VT? BC557
Added Member To Class: ClassName=Sheet1 Member=Component VT? BC547
Added Room: Name=Sheet1
