Removed Pin From Net: NetName=GND Pin=R9-3
Removed Pin From Net: NetName=GND Pin=X6-1
Removed Pin From Net: NetName=GND Pin=XS1-1
Removed Pin From Net: NetName=NetC3_2 Pin=XS1-2
Removed Pin From Net: NetName=NetXP1_1 Pin=XS1-3
Removed Pin From Net: NetName=NetXP1_1 Pin=XS1-4
Removed Pin From Net: NetName=NetC3_2 Pin=XS1-5
Removed Member From Class: ClassName=Sheet1 Member=XS1
Change Component Comment : Designator=C15 Old Comment=300 New Comment=0.01 לך
Change Component Comment : Designator=C13 Old Comment=470 New Comment=330
Added Component: Designator=XS?(PJ-307)
Add component. Clean all parameters for all variants
Added Pin To Net: NetName=GND Pin=XS?-1
Added Pin To Net: NetName=NetC3_2 Pin=XS?-2
Added Pin To Net: NetName=NetXP1_1 Pin=XS?-3
Added Pin To Net: NetName=NetXP1_1 Pin=XS?-4
Added Pin To Net: NetName=NetC3_2 Pin=XS?-5
Added Pin To Net: NetName=NetR9_3 Pin=R9-3
Added Pin To Net: NetName=NetR9_3 Pin=X6-1
Added Net: Name=NetR9_3
Added Member To Class: ClassName=Sheet1 Member=Component XS? PJ-307
Added Room: Name=Sheet1
