Added Component: Designator=XW1(HYR-0142AR)
Add component. Clean all parameters for all variants
Added Pin To Net: NetName=NetC1_1 Pin=C1-1
Added Pin To Net: NetName=GND Pin=C1-2
Added Pin To Net: NetName=NetC2_1 Pin=C2-1
Added Pin To Net: NetName=GND Pin=C2-2
Added Pin To Net: NetName=NetC3_1 Pin=C3-1
Added Pin To Net: NetName=NetC3_2 Pin=C3-2
Added Pin To Net: NetName=GND Pin=C4-1
Added Pin To Net: NetName=NetC4_2 Pin=C4-2
Added Pin To Net: NetName=NetC5_1 Pin=C5-1
Added Pin To Net: NetName=NetC5_2 Pin=C5-2
Added Pin To Net: NetName=GND Pin=C6-1
Added Pin To Net: NetName=NetC6_2 Pin=C6-2
Added Pin To Net: NetName=NetC7_1 Pin=C7-1
Added Pin To Net: NetName=NetC7_2 Pin=C7-2
Added Pin To Net: NetName=NetC8_1 Pin=C8-1
Added Pin To Net: NetName=GND Pin=C8-2
Added Pin To Net: NetName=GND Pin=C9-1
Added Pin To Net: NetName=NetC5_1 Pin=C9-2
Added Pin To Net: NetName=GND Pin=C10-1
Added Pin To Net: NetName=NetC7_2 Pin=C10-2
Added Pin To Net: NetName=GND Pin=C11-1
Added Pin To Net: NetName=NetC3_1 Pin=C11-2
Added Pin To Net: NetName=NetC12_1 Pin=C12-1
Added Pin To Net: NetName=NetC12_2 Pin=C12-2
Added Pin To Net: NetName=NetC13_1 Pin=C13-1
Added Pin To Net: NetName=NetC13_2 Pin=C13-2
Added Pin To Net: NetName=GND Pin=C14-1
Added Pin To Net: NetName=VCC Pin=C14-2
Added Pin To Net: NetName=NetC13_2 Pin=C15-1
Added Pin To Net: NetName=NetC15_2 Pin=C15-2
Added Pin To Net: NetName=GND Pin=C16-1
Added Pin To Net: NetName=NetC13_1 Pin=C16-2
Added Pin To Net: NetName=GND Pin=C17-1
Added Pin To Net: NetName=NetC17_2 Pin=C17-2
Added Pin To Net: NetName=GND Pin=C18-1
Added Pin To Net: NetName=NetC18_2 Pin=C18-2
Added Pin To Net: NetName=NetC19_1 Pin=C19-1
Added Pin To Net: NetName=GND Pin=C19-2
Added Pin To Net: NetName=NetC17_2 Pin=DA1-1
Added Pin To Net: NetName=GND Pin=DA1-2
Added Pin To Net: NetName=VCC Pin=DA1-3
Added Pin To Net: NetName=NetC5_1 Pin=L1-1
Added Pin To Net: NetName=GND Pin=L1-3
Added Pin To Net: NetName=NetL1_4 Pin=L1-4
Added Pin To Net: NetName=GND Pin=L1-5
Added Pin To Net: NetName=NetC12_2 Pin=L2-1
Added Pin To Net: NetName=NetC7_2 Pin=L2-2
Added Pin To Net: NetName=NetC13_2 Pin=L3-1
Added Pin To Net: NetName=GND Pin=L3-3
Added Pin To Net: NetName=NetC12_1 Pin=L3-4
Added Pin To Net: NetName=GND Pin=L3-5
Added Pin To Net: NetName=NetC2_1 Pin=R1-1
Added Pin To Net: NetName=NetC1_1 Pin=R1-2
Added Pin To Net: NetName=VCC Pin=R2-1
Added Pin To Net: NetName=NetC2_1 Pin=R2-2
Added Pin To Net: NetName=NetR3_1 Pin=R3-1
Added Pin To Net: NetName=NetC2_1 Pin=R3-2
Added Pin To Net: NetName=NetR4_1 Pin=R4-1
Added Pin To Net: NetName=NetC1_1 Pin=R4-2
Added Pin To Net: NetName=NetC4_2 Pin=R5-1
Added Pin To Net: NetName=NetC1_1 Pin=R5-2
Added Pin To Net: NetName=NetR6_1 Pin=R6-1
Added Pin To Net: NetName=NetR3_1 Pin=R6-2
Added Pin To Net: NetName=NetC3_1 Pin=R7-1
Added Pin To Net: NetName=GND Pin=R7-2
Added Pin To Net: NetName=NetC8_1 Pin=R8-1
Added Pin To Net: NetName=NetC7_1 Pin=R8-2
Added Pin To Net: NetName=NetR9_1 Pin=R9-1
Added Pin To Net: NetName=NetR9_2 Pin=R9-2
Added Pin To Net: NetName=NetR9_3 Pin=R9-3
Added Pin To Net: NetName=GND Pin=R10-1
Added Pin To Net: NetName=NetR10_2 Pin=R10-2
Added Pin To Net: NetName=GND Pin=R11-1
Added Pin To Net: NetName=NetC8_1 Pin=R11-2
Added Pin To Net: NetName=NetC13_1 Pin=R12-1
Added Pin To Net: NetName=NetC17_2 Pin=R12-2
Added Pin To Net: NetName=NetR13_1 Pin=R13-1
Added Pin To Net: NetName=NetR13_2 Pin=R13-2
Added Pin To Net: NetName=NetR13_2 Pin=R13-3
Added Pin To Net: NetName=NetC19_1 Pin=R14-1
Added Pin To Net: NetName=NetC15_2 Pin=R14-2
Added Pin To Net: NetName=GND Pin=R15-1
Added Pin To Net: NetName=NetC18_2 Pin=R15-2
Added Pin To Net: NetName=NetR13_2 Pin=R16-1
Added Pin To Net: NetName=NetR16_2 Pin=R16-2
Added Pin To Net: NetName=NetR16_3 Pin=R16-3
Added Pin To Net: NetName=GND Pin=R17-1
Added Pin To Net: NetName=NetR17_2 Pin=R17-2
Added Pin To Net: NetName=NetL1_4 Pin=VD1-1
Added Pin To Net: NetName=NetC12_2 Pin=VD1-2
Added Pin To Net: NetName=NetC12_2 Pin=VD2-1
Added Pin To Net: NetName=NetL1_4 Pin=VD2-2
Added Pin To Net: NetName=NetC15_2 Pin=VD3-1
Added Pin To Net: NetName=GND Pin=VD3-2
Added Pin To Net: NetName=NetC15_2 Pin=VD4-1
Added Pin To Net: NetName=GND Pin=VD4-2
Added Pin To Net: NetName=NetC2_1 Pin=VT1-1
Added Pin To Net: NetName=NetR3_1 Pin=VT1-2
Added Pin To Net: NetName=NetC3_1 Pin=VT1-3
Added Pin To Net: NetName=GND Pin=VT2-1
Added Pin To Net: NetName=NetR6_1 Pin=VT2-2
Added Pin To Net: NetName=NetC3_1 Pin=VT2-3
Added Pin To Net: NetName=NetC4_2 Pin=VT3-1
Added Pin To Net: NetName=NetR4_1 Pin=VT3-2
Added Pin To Net: NetName=NetC8_1 Pin=VT3-3
Added Pin To Net: NetName=NetR6_1 Pin=VT4-1
Added Pin To Net: NetName=GND Pin=VT4-2
Added Pin To Net: NetName=GND Pin=VT4-3
Added Pin To Net: NetName=NetR4_1 Pin=VT5-1
Added Pin To Net: NetName=NetC7_1 Pin=VT5-2
Added Pin To Net: NetName=NetR10_2 Pin=VT5-3
Added Pin To Net: NetName=NetC13_2 Pin=VT6-1
Added Pin To Net: NetName=NetC18_2 Pin=VT6-2
Added Pin To Net: NetName=NetC13_1 Pin=VT6-3
Added Pin To Net: NetName=NetC4_2 Pin=X1-1
Added Pin To Net: NetName=NetC6_2 Pin=X2-1
Added Pin To Net: NetName=GND Pin=X3-1
Added Pin To Net: NetName=NetR9_1 Pin=X4-1
Added Pin To Net: NetName=NetR9_2 Pin=X5-1
Added Pin To Net: NetName=NetR9_3 Pin=X6-1
Added Pin To Net: NetName=NetR13_1 Pin=X7-1
Added Pin To Net: NetName=NetC17_2 Pin=X8-1
Added Pin To Net: NetName=NetC19_1 Pin=X9-1
Added Pin To Net: NetName=NetR17_2 Pin=X10-1
Added Pin To Net: NetName=NetR16_2 Pin=X11-1
Added Pin To Net: NetName=NetR16_3 Pin=X12-1
Added Pin To Net: NetName=NetXP1_1 Pin=XP1-1
Added Pin To Net: NetName=GND Pin=XP1-2
Added Pin To Net: NetName=VCC Pin=XP2-1
Added Pin To Net: NetName=GND Pin=XP2-2
Added Pin To Net: NetName=GND Pin=XS1-1
Added Pin To Net: NetName=NetC3_2 Pin=XS1-2
Added Pin To Net: NetName=NetXP1_1 Pin=XS1-3
Added Pin To Net: NetName=NetXP1_1 Pin=XS1-4
Added Pin To Net: NetName=NetC3_2 Pin=XS1-5
Added Pin To Net: NetName=GND Pin=XW1-1
Added Pin To Net: NetName=NetC5_2 Pin=XW1-2
Added Member To Class: ClassName=Sheet1 Member=Component C1 10 לך
Added Member To Class: ClassName=Sheet1 Member=Component C2 470לך
Added Member To Class: ClassName=Sheet1 Member=Component C3 470לך
Added Member To Class: ClassName=Sheet1 Member=Component C4 0.01 לך
Added Member To Class: ClassName=Sheet1 Member=Component C5 20
Added Member To Class: ClassName=Sheet1 Member=Component C6 0.1 לך
Added Member To Class: ClassName=Sheet1 Member=Component C7 0.1 לך
Added Member To Class: ClassName=Sheet1 Member=Component C8 47לך
Added Member To Class: ClassName=Sheet1 Member=Component C9 100
Added Member To Class: ClassName=Sheet1 Member=Component C10 0.1 לך
Added Member To Class: ClassName=Sheet1 Member=Component C11 0.01 לך
Added Member To Class: ClassName=Sheet1 Member=Component C12 0.1 לך
Added Member To Class: ClassName=Sheet1 Member=Component C13 330
Added Member To Class: ClassName=Sheet1 Member=Component C14 0.1 לך
Added Member To Class: ClassName=Sheet1 Member=Component C15 0.01 לך
Added Member To Class: ClassName=Sheet1 Member=Component C16 4700
Added Member To Class: ClassName=Sheet1 Member=Component C17 0.1 לך
Added Member To Class: ClassName=Sheet1 Member=Component C18 0,047לך
Added Member To Class: ClassName=Sheet1 Member=Component C19 10 לך
Added Member To Class: ClassName=Sheet1 Member=Component DA1 78L06
Added Member To Class: ClassName=Sheet1 Member=Component L1 Trim_coil_2
Added Member To Class: ClassName=Sheet1 Member=Component L2 T50-6
Added Member To Class: ClassName=Sheet1 Member=Component L3 Trim_coil_2
Added Member To Class: ClassName=Sheet1 Member=Component R1 470 ־ל
Added Member To Class: ClassName=Sheet1 Member=Component R2 47 ־ל
Added Member To Class: ClassName=Sheet1 Member=Component R3 4.7 ך־ל
Added Member To Class: ClassName=Sheet1 Member=Component R4 20 ך־ל
Added Member To Class: ClassName=Sheet1 Member=Component R5 2 ך־ל
Added Member To Class: ClassName=Sheet1 Member=Component R6 2 ך־ל
Added Member To Class: ClassName=Sheet1 Member=Component R7 1 ּ־ל
Added Member To Class: ClassName=Sheet1 Member=Component R8 200 ך־ל
Added Member To Class: ClassName=Sheet1 Member=Component R9 WH148
Added Member To Class: ClassName=Sheet1 Member=Component R10 100 ־ל
Added Member To Class: ClassName=Sheet1 Member=Component R11 2 ך־ל
Added Member To Class: ClassName=Sheet1 Member=Component R12 1ך־ל
Added Member To Class: ClassName=Sheet1 Member=Component R13 WH148
Added Member To Class: ClassName=Sheet1 Member=Component R14 100 ך־ל
Added Member To Class: ClassName=Sheet1 Member=Component R15 100 ך־ל
Added Member To Class: ClassName=Sheet1 Member=Component R16 WH148
Added Member To Class: ClassName=Sheet1 Member=Component R17 1ך־ל
Added Member To Class: ClassName=Sheet1 Member=Component VD1 1N4148
Added Member To Class: ClassName=Sheet1 Member=Component VD2 1N4148
Added Member To Class: ClassName=Sheet1 Member=Component VD3 BB133
Added Member To Class: ClassName=Sheet1 Member=Component VD4 BB133
Added Member To Class: ClassName=Sheet1 Member=Component VT1 BC547
Added Member To Class: ClassName=Sheet1 Member=Component VT2 BC557
Added Member To Class: ClassName=Sheet1 Member=Component VT3 BC547
Added Member To Class: ClassName=Sheet1 Member=Component VT4 BC547
Added Member To Class: ClassName=Sheet1 Member=Component VT5 BC547
Added Member To Class: ClassName=Sheet1 Member=Component VT6 BC557
Added Member To Class: ClassName=Sheet1 Member=Component X1 ׂ
Added Member To Class: ClassName=Sheet1 Member=Component X2 ׂ
Added Member To Class: ClassName=Sheet1 Member=Component X3 ׂ
Added Member To Class: ClassName=Sheet1 Member=Component X4 ׂ
Added Member To Class: ClassName=Sheet1 Member=Component X5 ׂ
Added Member To Class: ClassName=Sheet1 Member=Component X6 ׂ
Added Member To Class: ClassName=Sheet1 Member=Component X7 ׂ
Added Member To Class: ClassName=Sheet1 Member=Component X8 ׂ
Added Member To Class: ClassName=Sheet1 Member=Component X9 ׂ
Added Member To Class: ClassName=Sheet1 Member=Component X10 ׂ
Added Member To Class: ClassName=Sheet1 Member=Component X11 ׂ
Added Member To Class: ClassName=Sheet1 Member=Component X12 ׂ
Added Member To Class: ClassName=Sheet1 Member=Component XP1 PLS-2
Added Member To Class: ClassName=Sheet1 Member=Component XP2 PLS-2
Added Member To Class: ClassName=Sheet1 Member=Component XS1 PJ-307
Added Member To Class: ClassName=Sheet1 Member=Component XW1 HYR-0142AR
Added Room: Name=Sheet1
