Removed Pin From Net: NetName=VCC Pin=X?-1
Added Component: Designator=X?(SMT_CONTACT_TYPE_1)
Add component. Clean all parameters for all variants
Added Component: Designator=X?(SMT_CONTACT_TYPE_1)
Add component. Clean all parameters for all variants
Added Pin To Net: NetName=NetC17_2 Pin=R12-2
Added Pin To Net: NetName=VCC Pin=X?-1
Added Pin To Net: NetName=VCC Pin=X?-1
Added Pin To Net: NetName=Cal Pin=X?-1
Added Pin To Net: NetName=Cal Pin=X?-1
Added Net: Name=Cal
Added Member To Class: ClassName=Sheet1 Member=Component X? สา
Added Member To Class: ClassName=Sheet1 Member=Component X? สา
Added Member To Class: ClassName=Sheet1 Member=Component X? SMT_Contact
Added Member To Class: ClassName=Sheet1 Member=Component X? SMT_Contact
Added Member To Class: ClassName=Sheet1 Member=Component X? SMT_Contact
Added Member To Class: ClassName=Sheet1 Member=Component X? SMT_Contact
Added Member To Class: ClassName=Sheet1 Member=Component X? SMT_Contact
Added Member To Class: ClassName=Sheet1 Member=Component X? SMT_Contact
Added Member To Class: ClassName=Sheet1 Member=Component X? SMT_Contact
Added Member To Class: ClassName=Sheet1 Member=Component X? SMT_Contact
Added Member To Class: ClassName=Sheet1 Member=Component X? SMT_Contact
Added Member To Class: ClassName=Sheet1 Member=Component X? SMT_Contact
Added Room: Name=Sheet1
