Change Component Designator: OldDesignator=ׁ7 NewDesignator=C7
Change Net Name : Old Net Name=NetC8_2 New Net Name=NetC7_1
Change Net Name : Old Net Name=NetR5_2 New Net Name=NetC7_2
Added Member To Class: ClassName=Sheet1 Member=Component C6 0.1 לך
Added Member To Class: ClassName=Sheet1 Member=Component C9 0,047לך
Added Member To Class: ClassName=Sheet1 Member=Component C12 1 לך
Added Member To Class: ClassName=Sheet1 Member=Component C13 0.01 לך
Added Member To Class: ClassName=Sheet1 Member=Component C17 0.1 לך
Added Member To Class: ClassName=Sheet1 Member=Component C18 0.1 לך
Added Member To Class: ClassName=Sheet1 Member=Component R6 20 ך־ל
Added Member To Class: ClassName=Sheet1 Member=Component R8 200 ך־ל
Added Member To Class: ClassName=Sheet1 Member=Component R15 4.7 ך־ל
Added Member To Class: ClassName=Sheet1 Member=Component X? SMT_Contact
Added Member To Class: ClassName=Sheet1 Member=Component X? SMT_Contact
Added Member To Class: ClassName=Sheet1 Member=Component X? SMT_Contact
Added Member To Class: ClassName=Sheet1 Member=Component X? SMT_Contact
Added Member To Class: ClassName=Sheet1 Member=Component X? SMT_Contact
Added Member To Class: ClassName=Sheet1 Member=Component X? SMT_Contact
Added Member To Class: ClassName=Sheet1 Member=Component X? SMT_Contact
Added Member To Class: ClassName=Sheet1 Member=Component X? SMT_Contact
Added Member To Class: ClassName=Sheet1 Member=Component X? ׂ
Added Member To Class: ClassName=Sheet1 Member=Component X? SMT_Contact
Added Member To Class: ClassName=Sheet1 Member=Component X? SMT_Contact
