Added Component: Designator=C?(ส10-17ม)
Add component. Clean all parameters for all variants
Added Component: Designator=C?(ส10-17ม)
Add component. Clean all parameters for all variants
Added Component: Designator=R?(ั1-4)
Add component. Clean all parameters for all variants
Added Component: Designator=R?(ั1-4)
Add component. Clean all parameters for all variants
Added Component: Designator=R?(ั1-4)
Add component. Clean all parameters for all variants
Added Component: Designator=VD?(DO35)
Add component. Clean all parameters for all variants
Added Component: Designator=VD?(DO35)
Add component. Clean all parameters for all variants
Added Component: Designator=VT?(สา-26)
Add component. Clean all parameters for all variants
Added Component: Designator=VT?(สา-26)
Add component. Clean all parameters for all variants
Added Component: Designator=VT?(สา-26)
Add component. Clean all parameters for all variants
Added Component: Designator=VT?(สา-26)
Add component. Clean all parameters for all variants
Added Member To Class: ClassName=Sheet1 Member=Component C? 1000
Added Member To Class: ClassName=Sheet1 Member=Component C? 1000
Added Member To Class: ClassName=Sheet1 Member=Component L? Trim_coil_2
Added Member To Class: ClassName=Sheet1 Member=Component L? T50-6
Added Member To Class: ClassName=Sheet1 Member=Component R? ? ฮ์
Added Member To Class: ClassName=Sheet1 Member=Component R? ? ฮ์
Added Member To Class: ClassName=Sheet1 Member=Component R? ? ฮ์
Added Member To Class: ClassName=Sheet1 Member=Component R? WH148
Added Member To Class: ClassName=Sheet1 Member=Component R? WH148
Added Member To Class: ClassName=Sheet1 Member=Component VD? 1N4148
Added Member To Class: ClassName=Sheet1 Member=Component VD? 1N4148
Added Member To Class: ClassName=Sheet1 Member=Component VT? BC547
Added Member To Class: ClassName=Sheet1 Member=Component VT? BC547
Added Member To Class: ClassName=Sheet1 Member=Component VT? BC547
Added Member To Class: ClassName=Sheet1 Member=Component VT? BC547
Added Room: Name=Sheet1
