Removed Pin From Net: NetName=NetC17_2 Pin=R12-2
Removed Pin From Net: NetName=NetC4_2 Pin=X1-1
Removed Pin From Net: NetName=NetC6_2 Pin=X2-1
Removed Pin From Net: NetName=GND Pin=X3-1
Removed Pin From Net: NetName=NetC17_2 Pin=X8-1
Removed Pin From Net: NetName=NetC19_1 Pin=X9-1
Removed Pin From Net: NetName=NetR17_2 Pin=X10-1
Removed Pin From Net: NetName=VCC Pin=X?-1
Removed Member From Class: ClassName=Sheet1 Member=X1
Removed Member From Class: ClassName=Sheet1 Member=X2
Removed Member From Class: ClassName=Sheet1 Member=X3
Removed Member From Class: ClassName=Sheet1 Member=X8
Removed Member From Class: ClassName=Sheet1 Member=X9
Removed Member From Class: ClassName=Sheet1 Member=X10
Change Component Footprint: Designator=X? Old Footprint=KT New Footprint=SMT_CONTACT_TYPE_1
Change Component Footprint: Designator=X? Old Footprint=KT New Footprint=SMT_CONTACT_TYPE_1
Change Component Footprint: Designator=X? Old Footprint=KT New Footprint=SMT_CONTACT_TYPE_1
Change Component Footprint: Designator=X? Old Footprint=KT New Footprint=SMT_CONTACT_TYPE_1
Change Component Footprint: Designator=X? Old Footprint=KT New Footprint=SMT_CONTACT_TYPE_1
Change Component Footprint: Designator=X? Old Footprint=KT New Footprint=SMT_CONTACT_TYPE_1
Change Component Comment : Designator=X? Old Comment=สา New Comment=SMT_Contact
Change Component Comment : Designator=X? Old Comment=สา New Comment=SMT_Contact
Change Component Comment : Designator=X? Old Comment=สา New Comment=SMT_Contact
Change Component Comment : Designator=X? Old Comment=สา New Comment=SMT_Contact
Change Component Comment : Designator=X? Old Comment=สา New Comment=SMT_Contact
Change Component Comment : Designator=X? Old Comment=สา New Comment=SMT_Contact
Added Component: Designator=X?(SMT_CONTACT_TYPE_1)
Add component. Clean all parameters for all variants
Added Component: Designator=X?(SMT_CONTACT_TYPE_1)
Add component. Clean all parameters for all variants
Added Pin To Net: NetName=GND Pin=X?-1
Added Pin To Net: NetName=GND Pin=X?-1
Added Pin To Net: NetName=NetC4_2 Pin=X?-1
Added Pin To Net: NetName=NetC4_2 Pin=X?-1
Added Pin To Net: NetName=NetC6_2 Pin=X?-1
Added Pin To Net: NetName=NetC6_2 Pin=X?-1
Added Pin To Net: NetName=NetC17_2 Pin=X?-1
Added Pin To Net: NetName=NetC17_2 Pin=X?-1
Added Pin To Net: NetName=NetC19_1 Pin=X?-1
Added Pin To Net: NetName=NetC19_1 Pin=X?-1
Added Pin To Net: NetName=NetR17_2 Pin=X?-1
Added Pin To Net: NetName=NetR17_2 Pin=X?-1
Added Member To Class: ClassName=Sheet1 Member=Component VT6 BC557
Added Member To Class: ClassName=Sheet1 Member=Component X? สา
Added Member To Class: ClassName=Sheet1 Member=Component X? สา
Added Member To Class: ClassName=Sheet1 Member=Component X? SMT_Contact
Added Member To Class: ClassName=Sheet1 Member=Component X? SMT_Contact
Added Member To Class: ClassName=Sheet1 Member=Component X? SMT_Contact
Added Member To Class: ClassName=Sheet1 Member=Component X? SMT_Contact
Added Member To Class: ClassName=Sheet1 Member=Component X? SMT_Contact
Added Member To Class: ClassName=Sheet1 Member=Component X? SMT_Contact
Added Member To Class: ClassName=Sheet1 Member=Component X? SMT_Contact
Added Room: Name=Sheet1
