Removed Pin From Net: NetName=VCC Pin=HL?-1
Removed Member From Class: ClassName=Sheet1 Member=HL?
Added Component: Designator=X?(KT)
Add component. Clean all parameters for all variants
Added Component: Designator=X?(KT)
Add component. Clean all parameters for all variants
Added Component: Designator=X?(KT)
Add component. Clean all parameters for all variants
Added Component: Designator=X?(KT)
Add component. Clean all parameters for all variants
Added Component: Designator=X?(KT)
Add component. Clean all parameters for all variants
Added Component: Designator=X?(KT)
Add component. Clean all parameters for all variants
Added Pin To Net: NetName=VCC Pin=X?-1
Added Pin To Net: NetName=VCC Pin=X?-1
Added Pin To Net: NetName=NetR?_2 Pin=R?-2
Added Pin To Net: NetName=NetR?_2 Pin=X?-1
Added Net: Name=NetR?_2
Added Member To Class: ClassName=Sheet1 Member=Component VT6 BC547
Added Member To Class: ClassName=Sheet1 Member=Component X? สา
Added Member To Class: ClassName=Sheet1 Member=Component X? สา
Added Member To Class: ClassName=Sheet1 Member=Component X? สา
Added Member To Class: ClassName=Sheet1 Member=Component X? สา
Added Member To Class: ClassName=Sheet1 Member=Component X? สา
Added Member To Class: ClassName=Sheet1 Member=Component X? สา
Added Member To Class: ClassName=Sheet1 Member=Component X? สา
Added Room: Name=Sheet1
