Removed Pin From Net: NetName=NetC4_2 Pin=R8-2
Removed Pin From Net: NetName=NetC4_2 Pin=VT5-2
Removed Pin From Net: NetName=NetC9_1 Pin=VT6-2
Removed Pin From Net: NetName=NetC9_2 Pin=VT6-3
Removed Member From Class: ClassName=Sheet1 Member=TP1
Change Component Footprint: Designator=R5 Old Footprint=WH148 New Footprint=WH148R
Change Component Footprint: Designator=R11 Old Footprint=WH148 New Footprint=WH148R
Change Component Footprint: Designator=R12 Old Footprint=WH148 New Footprint=WH148R
Added Component: Designator=C8(Ê10-17Á)
Add component. Clean all parameters for all variants
Added Component: Designator=R2(Ñ1-4)
Add component. Clean all parameters for all variants
Added Component: Designator=R10(Ñ1-4)
Add component. Clean all parameters for all variants
Added Component: Designator=R11(Ñ1-4)
Add component. Clean all parameters for all variants
Added Component: Designator=VD?(SOD323)
Add component. Clean all parameters for all variants
Added Component: Designator=VD?(SOD323)
Add component. Clean all parameters for all variants
Added Pin To Net: NetName=NetC9_1 Pin=C10-2
Added Pin To Net: NetName=NetC8_1 Pin=TP4-1
Added Pin To Net: NetName=GND Pin=VD?-2
Added Pin To Net: NetName=GND Pin=VD?-2
Added Pin To Net: NetName=NetC9_2 Pin=VT6-2
Added Pin To Net: NetName=NetC9_1 Pin=VT6-3
Added Pin To Net: NetName=NetC8_2 Pin=XP1-1
Added Pin To Net: NetName=NetC4_1 Pin=XP1-2
Added Pin To Net: NetName=9V Pin=C12-1
Added Pin To Net: NetName=9V Pin=R9-2
Added Pin To Net: NetName=9V Pin=R11-1
Added Net: Name=9V
Added Pin To Net: NetName=NetC10_1 Pin=C10-1
Added Pin To Net: NetName=NetC10_1 Pin=R10-2
Added Pin To Net: NetName=NetC10_1 Pin=VD?-1
Added Pin To Net: NetName=NetC10_1 Pin=VD?-1
Added Net: Name=NetC10_1
Added Pin To Net: NetName=NetR1_2 Pin=R1-2
Added Pin To Net: NetName=NetR1_2 Pin=VT1-3
Added Net: Name=NetR1_2
Added Pin To Net: NetName=NetR8_2 Pin=R8-2
Added Pin To Net: NetName=NetR8_2 Pin=VT5-2
Added Net: Name=NetR8_2
Added Pin To Net: NetName=NetR11_2 Pin=R11-2
Added Pin To Net: NetName=NetR11_2 Pin=R12-3
Added Net: Name=NetR11_2
Added Member To Class: ClassName=Sheet1 Member=Component C8 1000
Added Member To Class: ClassName=Sheet1 Member=Component R2 ? Îì
Added Member To Class: ClassName=Sheet1 Member=Component R10 ? Îì
Added Member To Class: ClassName=Sheet1 Member=Component R11 ? Îì
Added Member To Class: ClassName=Sheet1 Member=Component VD? BB133
Added Member To Class: ClassName=Sheet1 Member=Component VD? BB133
Added Room: Name=Sheet1
