Removed Pin From Net: NetName=GND Pin=XW1-1
Removed Pin From Net: NetName=NetC5_2 Pin=XW1-2
Removed Member From Class: ClassName=Sheet1 Member=XW1
Added Component: Designator=SB?(KLS7-TS6601)
Add component. Clean all parameters for all variants
Added Component: Designator=VT?( “-26)
Add component. Clean all parameters for all variants
Added Component: Designator=X?(TH_—ontact)
Add component. Clean all parameters for all variants
Added Component: Designator=X?(TH_—ontact)
Add component. Clean all parameters for all variants
Added Component: Designator=ZQ?(HC-49U)
Add component. Clean all parameters for all variants
Added Pin To Net: NetName=GND Pin=X?-1
Added Pin To Net: NetName=NetC5_2 Pin=X?-1
Added Member To Class: ClassName=Sheet1 Member=Component SB? KLS7-TS6601
Added Member To Class: ClassName=Sheet1 Member=Component VT? BC547
Added Member To Class: ClassName=Sheet1 Member=Component X? X
Added Member To Class: ClassName=Sheet1 Member=Component X? X
Added Member To Class: ClassName=Sheet1 Member=Component ZQ? HC-49U
Added Room: Name=Sheet1
