Removed Pin From Net: NetName=NetR4_2 Pin=R3-3
Removed Pin From Net: NetName=NetR4_2 Pin=R4-1
Change Component Designator: OldDesignator=R3 NewDesignator=R4
Change Component Designator: OldDesignator=R4 NewDesignator=R5
Change Component Designator: OldDesignator=R13 NewDesignator=R14
Added Component: Designator=X?(SMT_CONTACT_TYPE_2)
Added Component: Designator=X?(SMT_CONTACT_TYPE_2)
Added Component: Designator=X?(SMT_CONTACT_TYPE_1)
Added Pin To Net: NetName=GND Pin=X?-1
Added Pin To Net: NetName=NetR4_2 Pin=X?-1
Added Pin To Net: NetName=NetR4_2 Pin=X?-1
Added Pin To Net: NetName=NetR4_3 Pin=R4-3
Added Pin To Net: NetName=NetR4_3 Pin=R5-1
Added Net: Name=NetR4_3
Added Member To Class: ClassName=Sheet2 Member=Component R5 WH148
Added Member To Class: ClassName=Sheet2 Member=Component X? SMT_Contact
Added Member To Class: ClassName=Sheet2 Member=Component X? SMT_Contact
Added Member To Class: ClassName=Sheet2 Member=Component X? SMT_Contact
Added Member To Class: ClassName=Sheet2 Member=Component X? SMT_Contact
Added Member To Class: ClassName=Sheet2 Member=Component X? SMT_Contact
Added Member To Class: ClassName=Sheet2 Member=Component X? SMT_Contact
Added Member To Class: ClassName=Sheet2 Member=Component X? SMT_Contact
Added Member To Class: ClassName=Sheet2 Member=Component X? SMT_Contact
Added Member To Class: ClassName=Sheet2 Member=Component X? SMT_Contact
Added Room: Name=Sheet2
