Added Component: Designator=X?(SMT_CONTACT_TYPE_1)
Add component. Clean all parameters for all variants
Added Component: Designator=X?(SMT_CONTACT_TYPE_1)
Add component. Clean all parameters for all variants
Added Component: Designator=X?(SMT_CONTACT_TYPE_1)
Add component. Clean all parameters for all variants
Added Component: Designator=X?(SMT_CONTACT_TYPE_1)
Add component. Clean all parameters for all variants
Added Component: Designator=X?(SMT_CONTACT_TYPE_1)
Add component. Clean all parameters for all variants
Added Component: Designator=X?(SMT_CONTACT_TYPE_1)
Add component. Clean all parameters for all variants
Added Pin To Net: NetName=NetR9_1 Pin=R9-1
Added Pin To Net: NetName=NetR9_1 Pin=X?-1
Added Pin To Net: NetName=NetR9_1 Pin=X?-1
Added Net: Name=NetR9_1
Added Pin To Net: NetName=NetR9_2 Pin=R9-2
Added Pin To Net: NetName=NetR9_2 Pin=X?-1
Added Pin To Net: NetName=NetR9_2 Pin=X?-1
Added Net: Name=NetR9_2
Added Pin To Net: NetName=NetR9_3 Pin=R9-3
Added Pin To Net: NetName=NetR9_3 Pin=X?-1
Added Pin To Net: NetName=NetR9_3 Pin=X?-1
Added Net: Name=NetR9_3
Added Pin To Net: NetName=NetR13_1 Pin=R13-1
Added Pin To Net: NetName=NetR13_1 Pin=X?-1
Added Pin To Net: NetName=NetR13_1 Pin=X?-1
Added Net: Name=NetR13_1
Added Pin To Net: NetName=NetR13_2 Pin=R13-2
Added Pin To Net: NetName=NetR13_2 Pin=R13-3
Added Pin To Net: NetName=NetR13_2 Pin=R16-1
Added Net: Name=NetR13_2
Added Pin To Net: NetName=NetR16_2 Pin=R16-2
Added Pin To Net: NetName=NetR16_2 Pin=X?-1
Added Pin To Net: NetName=NetR16_2 Pin=X?-1
Added Net: Name=NetR16_2
Added Pin To Net: NetName=NetR16_3 Pin=R16-3
Added Pin To Net: NetName=NetR16_3 Pin=X?-1
Added Pin To Net: NetName=NetR16_3 Pin=X?-1
Added Net: Name=NetR16_3
Added Member To Class: ClassName=Sheet2 Member=Component X? SMT_Contact
Added Member To Class: ClassName=Sheet2 Member=Component X? SMT_Contact
Added Member To Class: ClassName=Sheet2 Member=Component X? SMT_Contact
Added Member To Class: ClassName=Sheet2 Member=Component X? SMT_Contact
Added Member To Class: ClassName=Sheet2 Member=Component X? SMT_Contact
Added Member To Class: ClassName=Sheet2 Member=Component X? SMT_Contact
Added Room: Name=Sheet2
