Change Component Parameter Comment in C7 Old= New=0.1לך
Change Component Parameter Comment in C8 Old= New=10לך
Change Component Parameter Comment in C9 Old= New=0.1לך
Change Component Parameter Comment in C10 Old= New=0.1לך
Change Component Parameter Comment in C11 Old= New=0.01לך
Change Component Parameter Comment in C16 Old= New=0.01לך
Change Component Parameter Comment in C18 Old= New=10לך
Change Component Parameter Comment in C19 Old= New=0.1לך
Change Component Parameter Comment in C20 Old= New=0.1לך
Change Component Parameter Comment in C21 Old= New=0.1לך
Change Component Parameter Comment in R1 Old= New=15ך
Change Component Parameter Comment in R2 Old= New=1ך
Change Component Parameter Comment in R3 Old= New=1ך
Change Component Parameter Comment in R6 Old= New=100ך
Change Component Parameter Comment in R7 Old= New=20ך
Change Component Parameter Comment in R9 Old= New=200ך
Change Component Parameter Comment in R10 Old= New=100ך
Change Component Parameter Comment in R11 Old= New=2ך
Change Component Parameter Comment in R13 Old= New=1ך
Change Component Parameter Comment in R15 Old= New=470
Change Component Parameter Comment in R16 Old= New=4.7ך
Change Component Parameter Comment in R17 Old= New=2ך
Change Component Parameter Comment in R18 Old= New=1ּ
Change Component Parameter Comment in R19 Old= New=47
