Removed Pin From Net: NetName=NetC1_2 Pin=X1-1
Added Component: Designator=C7(10-17ֱ)
Added Component: Designator=R11(R_C1-4_V)
Added Component: Designator=R12(R_C1-4_V)
Added Component: Designator=VT2(ׂ-26)
Added Pin To Net: NetName=GND Pin=R11-1
Added Pin To Net: NetName=GND Pin=R12-1
Added Pin To Net: NetName=NetC1_2 Pin=R12-2
Added Pin To Net: NetName=VCC Pin=VT2-1
Added Pin To Net: NetName=NetC1_2 Pin=VT2-3
Added Pin To Net: NetName=NetC7_1 Pin=C7-1
Added Pin To Net: NetName=NetC7_1 Pin=R11-2
Added Pin To Net: NetName=NetC7_1 Pin=VT2-2
Added Net: Name=NetC7_1
Added Pin To Net: NetName=NetC7_2 Pin=C7-2
Added Pin To Net: NetName=NetC7_2 Pin=X1-1
Added Net: Name=NetC7_2
Added Member To Class: ClassName=Sheet3 Member=Component C1 0,1לך
Added Member To Class: ClassName=Sheet3 Member=Component C2 0,1לך
Added Member To Class: ClassName=Sheet3 Member=Component C4 10 לך
Added Member To Class: ClassName=Sheet3 Member=Component C6 22
Added Member To Class: ClassName=Sheet3 Member=Component C7 1000
Added Member To Class: ClassName=Sheet3 Member=Component R2 560
Added Member To Class: ClassName=Sheet3 Member=Component R3 1 ך
Added Member To Class: ClassName=Sheet3 Member=Component R5 1 ך
Added Member To Class: ClassName=Sheet3 Member=Component R8 1 ך
Added Member To Class: ClassName=Sheet3 Member=Component R10 1 ך
Added Member To Class: ClassName=Sheet3 Member=Component R11 1ּ
Added Member To Class: ClassName=Sheet3 Member=Component R12 470
Added Member To Class: ClassName=Sheet3 Member=Component VT2 BS170
Added Room: Name=Sheet3
