Added Component: Designator=X5(KT)
Added Pin To Net: NetName=NetDD1_4 Pin=DD1-4
Added Pin To Net: NetName=NetDD1_4 Pin=X5-1
Added Net: Name=NetDD1_4
Added Member To Class: ClassName=Sheet3 Member=Component C1 1000
Added Member To Class: ClassName=Sheet3 Member=Component C2 0,1לך
Added Member To Class: ClassName=Sheet3 Member=Component C4 0,1לך
Added Member To Class: ClassName=Sheet3 Member=Component C6 22
Added Member To Class: ClassName=Sheet3 Member=Component R1 1ּ
Added Member To Class: ClassName=Sheet3 Member=Component R2 470
Added Member To Class: ClassName=Sheet3 Member=Component R3 27ך
Added Member To Class: ClassName=Sheet3 Member=Component R5 1 ך
Added Member To Class: ClassName=Sheet3 Member=Component R6 1 ך
Added Member To Class: ClassName=Sheet3 Member=Component R9 1 ך
Added Member To Class: ClassName=Sheet3 Member=Component R10 1 ך
Added Member To Class: ClassName=Sheet3 Member=Component R11 1 ך
Added Member To Class: ClassName=Sheet3 Member=Component R12 1 ך
Added Member To Class: ClassName=Sheet3 Member=Component VT1 BS170
Added Member To Class: ClassName=Sheet3 Member=Component X5 ׂ
Added Room: Name=Sheet3
