Removed Member From Class: ClassName=Sheet3 Member=DD?
Change Component Comment : Designator=DA1 Old Comment=78L06 New Comment=78L05
Added Component: Designator=C6(ส50-35)
Add component. Clean all parameters for all variants
Added Component: Designator=C7(ส10-17ม)
Add component. Clean all parameters for all variants
Added Component: Designator=DD1(DIP18)
Add component. Clean all parameters for all variants
Add component (AddParameter): Name = "Automotive"; Value = "No"; VariantName = "[No Variations]"
Add component (AddParameter): Name = "Category"; Value = "IC"; VariantName = "[No Variations]"
Add component (AddParameter): Name = "ComponentLink2Description"; Value = "Datasheet"; VariantName = "[No Variations]"
Add component (AddParameter): Name = "ComponentLink2URL"; Value = "https://toshiba.semicon-storage.com/info/docget.jsp?did=14683&prodName=TB6600HG"; VariantName = "[No Variations]"
Add component (AddParameter): Name = "Device Class L1"; Value = "Integrated Circuits (ICs)"; VariantName = "[No Variations]"
Add component (AddParameter): Name = "Device Class L2"; Value = "Power Management ICs"; VariantName = "[No Variations]"
Add component (AddParameter): Name = "Device Class L3"; Value = "Motor Drivers"; VariantName = "[No Variations]"
Add component (AddParameter): Name = "Digikey Description"; Value = "IC MTR DRVR BIPOLAR 8-42V 25HZIP"; VariantName = "[No Variations]"
Add component (AddParameter): Name = "Height"; Value = "19.87mm"; VariantName = "[No Variations]"
Add component (AddParameter): Name = "Lead Free"; Value = "Yes"; VariantName = "[No Variations]"
Add component (AddParameter): Name = "Manufacturer"; Value = "Toshiba"; VariantName = "[No Variations]"
Add component (AddParameter): Name = "Manufacturer 1"; Value = "Toshiba"; VariantName = "[No Variations]"
Add component (AddParameter): Name = "Manufacturer Part Number"; Value = "TB6600HG(O)"; VariantName = "[No Variations]"
Add component (AddParameter): Name = "Manufacturer Part Number 1"; Value = "TB6600HG(O)"; VariantName = "[No Variations]"
Add component (AddParameter): Name = "Max Power Dissipation"; Value = "3.2W"; VariantName = "[No Variations]"
Add component (AddParameter): Name = "Max Supply Voltage"; Value = "42V"; VariantName = "[No Variations]"
Add component (AddParameter): Name = "Min Supply Voltage"; Value = "8V"; VariantName = "[No Variations]"
Add component (AddParameter): Name = "Motor Type"; Value = "Stepper"; VariantName = "[No Variations]"
Add component (AddParameter): Name = "Mouser Description"; Value = "Motor / Motion / Ignition Controllers & Drivers 2-phase stepping motor Drvr 50V"; VariantName = "[No Variations]"
Add component (AddParameter): Name = "Nominal Supply Current"; Value = "1.8-4.2mA"; VariantName = "[No Variations]"
Add component (AddParameter): Name = "Number Of Outputs"; Value = "4"; VariantName = "[No Variations]"
Add component (AddParameter): Name = "Octopart"; Value = "https://octopart.com/tb6600hg%28o%29-toshiba-24612481"; VariantName = "[No Variations]"
Add component (AddParameter): Name = "Output Current"; Value = "4.5A"; VariantName = "[No Variations]"
Add component (AddParameter): Name = "Package"; Value = "HZIP25-P-1.00F"; VariantName = "[No Variations]"
Add component (AddParameter): Name = "RoHS"; Value = "TRUE"; VariantName = "[No Variations]"
Add component (AddParameter): Name = "Standoff Height"; Value = "2.67mm"; VariantName = "[No Variations]"
Add component (AddParameter): Name = "Switching Frequency"; Value = "200kHz"; VariantName = "[No Variations]"
Add component (AddParameter): Name = "Temperature"; Value = "-30ฐC to +85ฐC"; VariantName = "[No Variations]"
Add component (AddParameter): Name = "Temperature Range High"; Value = "+85ฐC"; VariantName = "[No Variations]"
Add component (AddParameter): Name = "Temperature Range Low"; Value = "-30ฐC"; VariantName = "[No Variations]"
Added Component: Designator=R9(R_C1-4_V)
Add component. Clean all parameters for all variants
Added Component: Designator=R10(R_C1-4_V)
Add component. Clean all parameters for all variants
Added Component: Designator=VT1(สา-26)
Add component. Clean all parameters for all variants
Added Component: Designator=X1(KT)
Add component. Clean all parameters for all variants
Added Component: Designator=X2(KT)
Add component. Clean all parameters for all variants
Added Pin To Net: NetName=A Pin=DD1-12
Added Pin To Net: NetName=A Pin=R1-2
Added Net: Name=A
Added Pin To Net: NetName=B Pin=DD1-13
Added Pin To Net: NetName=B Pin=R2-2
Added Net: Name=B
Added Pin To Net: NetName=C Pin=DD1-8
Added Pin To Net: NetName=C Pin=R3-2
Added Net: Name=C
Added Pin To Net: NetName=D1 Pin=DD1-2
Added Pin To Net: NetName=D1 Pin=HG1-12
Added Net: Name=D1
Added Pin To Net: NetName=D2 Pin=DD1-1
Added Pin To Net: NetName=D2 Pin=HG1-9
Added Net: Name=D2
Added Pin To Net: NetName=D3 Pin=DD1-17
Added Pin To Net: NetName=D3 Pin=HG1-8
Added Net: Name=D3
Added Pin To Net: NetName=D4 Pin=DD1-18
Added Pin To Net: NetName=D4 Pin=HG1-6
Added Net: Name=D4
Added Pin To Net: NetName=DP Pin=DD1-7
Added Pin To Net: NetName=DP Pin=R8-2
Added Net: Name=DP
Added Pin To Net: NetName=D Pin=DD1-6
Added Pin To Net: NetName=D Pin=R4-2
Added Net: Name=D
Added Pin To Net: NetName=E Pin=DD1-9
Added Pin To Net: NetName=E Pin=R5-2
Added Net: Name=E
Added Pin To Net: NetName=F Pin=DD1-10
Added Pin To Net: NetName=F Pin=R6-2
Added Net: Name=F
Added Pin To Net: NetName=GND Pin=C1-1
Added Pin To Net: NetName=GND Pin=C2-1
Added Pin To Net: NetName=GND Pin=C4-2
Added Pin To Net: NetName=GND Pin=C5-2
Added Pin To Net: NetName=GND Pin=DA1-2
Added Pin To Net: NetName=GND Pin=DD1-5
Added Pin To Net: NetName=GND Pin=VT1-3
Added Pin To Net: NetName=GND Pin=X2-1
Added Net: Name=GND
Added Pin To Net: NetName=G Pin=DD1-11
Added Pin To Net: NetName=G Pin=R7-2
Added Net: Name=G
Added Pin To Net: NetName=NetC1_2 Pin=C1-2
Added Pin To Net: NetName=NetC1_2 Pin=DA1-3
Added Net: Name=NetC1_2
Added Pin To Net: NetName=NetC4_1 Pin=C4-1
Added Pin To Net: NetName=NetC4_1 Pin=DD1-16
Added Pin To Net: NetName=NetC4_1 Pin=ZQ1-1
Added Net: Name=NetC4_1
Added Pin To Net: NetName=NetC5_1 Pin=C5-1
Added Pin To Net: NetName=NetC5_1 Pin=DD1-15
Added Pin To Net: NetName=NetC5_1 Pin=ZQ1-2
Added Net: Name=NetC5_1
Added Pin To Net: NetName=NetC7_1 Pin=C7-1
Added Pin To Net: NetName=NetC7_1 Pin=R10-1
Added Pin To Net: NetName=NetC7_1 Pin=VT1-2
Added Net: Name=NetC7_1
Added Pin To Net: NetName=NetC7_2 Pin=C7-2
Added Pin To Net: NetName=NetC7_2 Pin=X1-1
Added Net: Name=NetC7_2
Added Pin To Net: NetName=NetR9_2 Pin=R9-2
Added Pin To Net: NetName=NetR9_2 Pin=R10-2
Added Pin To Net: NetName=NetR9_2 Pin=VT1-1
Added Net: Name=NetR9_2
Added Pin To Net: NetName=VCC Pin=C2-2
Added Pin To Net: NetName=VCC Pin=DA1-1
Added Pin To Net: NetName=VCC Pin=DD1-14
Added Pin To Net: NetName=VCC Pin=R9-1
Added Net: Name=VCC
Added Member To Class: ClassName=Sheet3 Member=Component C6 10 ์๊
Added Member To Class: ClassName=Sheet3 Member=Component C7 0,1์๊
Added Member To Class: ClassName=Sheet3 Member=Component DD1 PIC16F628A
Added Member To Class: ClassName=Sheet3 Member=Component R9 560
Added Member To Class: ClassName=Sheet3 Member=Component R10 27๊
Added Member To Class: ClassName=Sheet3 Member=Component VT1 BC547
Added Member To Class: ClassName=Sheet3 Member=Component X1 สา
Added Member To Class: ClassName=Sheet3 Member=Component X2 สา
Added Room: Name=Sheet3
