Removed Member From Class: ClassName=Sheet3 Member=C7
Change Component Designator: OldDesignator=C1 NewDesignator=C2
Change Component Designator: OldDesignator=C2 NewDesignator=C3
Change Component Designator: OldDesignator=C4 NewDesignator=C5
Change Component Designator: OldDesignator=C5 NewDesignator=C6
Change Component Designator: OldDesignator=C6 NewDesignator=C4
Change Component Designator: OldDesignator=C7 NewDesignator=C1
Change Component Designator: OldDesignator=R1 NewDesignator=R7
Change Component Designator: OldDesignator=R2 NewDesignator=R3
Change Component Designator: OldDesignator=R3 NewDesignator=R8
Change Component Designator: OldDesignator=R5 NewDesignator=R9
Change Component Designator: OldDesignator=R6 NewDesignator=R5
Change Component Designator: OldDesignator=R7 NewDesignator=R10
Change Component Designator: OldDesignator=R8 NewDesignator=R6
Change Component Designator: OldDesignator=R9 NewDesignator=R2
Change Component Designator: OldDesignator=R10 NewDesignator=R1
Change Component Designator: OldDesignator=X? NewDesignator=X3
Change Component Designator: OldDesignator=X? NewDesignator=X4
Change Net Name : Old Net Name=NetC1_2 New Net Name=NetC2_2
Change Net Name : Old Net Name=NetC4_1 New Net Name=NetC5_1
Change Net Name : Old Net Name=NetC5_1 New Net Name=NetC6_1
Change Net Name : Old Net Name=NetC7_1 New Net Name=NetC1_1
Change Net Name : Old Net Name=NetC7_2 New Net Name=NetC1_2
Added Member To Class: ClassName=Sheet3 Member=Component C3 0,1์๊
Added Member To Class: ClassName=Sheet3 Member=Component X4 สา
Added Room: Name=Sheet3
