Added Component: Designator=C1(ส10-17ม)
Add component. Clean all parameters for all variants
Added Component: Designator=C2(ส10-17ม)
Add component. Clean all parameters for all variants
Added Component: Designator=C3(ส10-17ม)
Add component. Clean all parameters for all variants
Added Component: Designator=C4(ส10-17ม)
Add component. Clean all parameters for all variants
Added Component: Designator=C5(ส10-17ม)
Add component. Clean all parameters for all variants
Added Component: Designator=DA1(สา-26)
Add component. Clean all parameters for all variants
Added Component: Designator=DD1(HZIP25-P-1_00F)
Add component. Clean all parameters for all variants
Add component (AddParameter): Name = "Automotive"; Value = "No"; VariantName = "[No Variations]"
Add component (AddParameter): Name = "Category"; Value = "IC"; VariantName = "[No Variations]"
Add component (AddParameter): Name = "ComponentLink2Description"; Value = "Datasheet"; VariantName = "[No Variations]"
Add component (AddParameter): Name = "ComponentLink2URL"; Value = "https://toshiba.semicon-storage.com/info/docget.jsp?did=14683&prodName=TB6600HG"; VariantName = "[No Variations]"
Add component (AddParameter): Name = "Device Class L1"; Value = "Integrated Circuits (ICs)"; VariantName = "[No Variations]"
Add component (AddParameter): Name = "Device Class L2"; Value = "Power Management ICs"; VariantName = "[No Variations]"
Add component (AddParameter): Name = "Device Class L3"; Value = "Motor Drivers"; VariantName = "[No Variations]"
Add component (AddParameter): Name = "Digikey Description"; Value = "IC MTR DRVR BIPOLAR 8-42V 25HZIP"; VariantName = "[No Variations]"
Add component (AddParameter): Name = "Height"; Value = "19.87mm"; VariantName = "[No Variations]"
Add component (AddParameter): Name = "Lead Free"; Value = "Yes"; VariantName = "[No Variations]"
Add component (AddParameter): Name = "Manufacturer"; Value = "Toshiba"; VariantName = "[No Variations]"
Add component (AddParameter): Name = "Manufacturer 1"; Value = "Toshiba"; VariantName = "[No Variations]"
Add component (AddParameter): Name = "Manufacturer Part Number"; Value = "TB6600HG(O)"; VariantName = "[No Variations]"
Add component (AddParameter): Name = "Manufacturer Part Number 1"; Value = "TB6600HG(O)"; VariantName = "[No Variations]"
Add component (AddParameter): Name = "Max Power Dissipation"; Value = "3.2W"; VariantName = "[No Variations]"
Add component (AddParameter): Name = "Max Supply Voltage"; Value = "42V"; VariantName = "[No Variations]"
Add component (AddParameter): Name = "Min Supply Voltage"; Value = "8V"; VariantName = "[No Variations]"
Add component (AddParameter): Name = "Motor Type"; Value = "Stepper"; VariantName = "[No Variations]"
Add component (AddParameter): Name = "Mouser Description"; Value = "Motor / Motion / Ignition Controllers & Drivers 2-phase stepping motor Drvr 50V"; VariantName = "[No Variations]"
Add component (AddParameter): Name = "Nominal Supply Current"; Value = "1.8-4.2mA"; VariantName = "[No Variations]"
Add component (AddParameter): Name = "Number Of Outputs"; Value = "4"; VariantName = "[No Variations]"
Add component (AddParameter): Name = "Octopart"; Value = "https://octopart.com/tb6600hg%28o%29-toshiba-24612481"; VariantName = "[No Variations]"
Add component (AddParameter): Name = "Output Current"; Value = "4.5A"; VariantName = "[No Variations]"
Add component (AddParameter): Name = "Package"; Value = "HZIP25-P-1.00F"; VariantName = "[No Variations]"
Add component (AddParameter): Name = "RoHS"; Value = "TRUE"; VariantName = "[No Variations]"
Add component (AddParameter): Name = "Standoff Height"; Value = "2.67mm"; VariantName = "[No Variations]"
Add component (AddParameter): Name = "Switching Frequency"; Value = "200kHz"; VariantName = "[No Variations]"
Add component (AddParameter): Name = "Temperature"; Value = "-30ฐC to +85ฐC"; VariantName = "[No Variations]"
Add component (AddParameter): Name = "Temperature Range High"; Value = "+85ฐC"; VariantName = "[No Variations]"
Add component (AddParameter): Name = "Temperature Range Low"; Value = "-30ฐC"; VariantName = "[No Variations]"
Added Component: Designator=HG1(FYQ-3641)
Add component. Clean all parameters for all variants
Added Component: Designator=R1(ั1-4)
Add component. Clean all parameters for all variants
Added Component: Designator=R2(ั1-4)
Add component. Clean all parameters for all variants
Added Component: Designator=R3(ั1-4)
Add component. Clean all parameters for all variants
Added Component: Designator=R4(ั1-4)
Add component. Clean all parameters for all variants
Added Component: Designator=R5(ั1-4)
Add component. Clean all parameters for all variants
Added Component: Designator=R6(ั1-4)
Add component. Clean all parameters for all variants
Added Component: Designator=R7(ั1-4)
Add component. Clean all parameters for all variants
Added Component: Designator=R8(ั1-4)
Add component. Clean all parameters for all variants
Added Component: Designator=ZQ1(HC-49)
Add component. Clean all parameters for all variants
Added Pin To Net: NetName=NetHG1_1 Pin=HG1-1
Added Pin To Net: NetName=NetHG1_1 Pin=R5-1
Added Net: Name=NetHG1_1
Added Pin To Net: NetName=NetHG1_2 Pin=HG1-2
Added Pin To Net: NetName=NetHG1_2 Pin=R4-1
Added Net: Name=NetHG1_2
Added Pin To Net: NetName=NetHG1_3 Pin=HG1-3
Added Pin To Net: NetName=NetHG1_3 Pin=R8-1
Added Net: Name=NetHG1_3
Added Pin To Net: NetName=NetHG1_4 Pin=HG1-4
Added Pin To Net: NetName=NetHG1_4 Pin=R3-1
Added Net: Name=NetHG1_4
Added Pin To Net: NetName=NetHG1_5 Pin=HG1-5
Added Pin To Net: NetName=NetHG1_5 Pin=R7-1
Added Net: Name=NetHG1_5
Added Pin To Net: NetName=NetHG1_7 Pin=HG1-7
Added Pin To Net: NetName=NetHG1_7 Pin=R2-1
Added Net: Name=NetHG1_7
Added Pin To Net: NetName=NetHG1_10 Pin=HG1-10
Added Pin To Net: NetName=NetHG1_10 Pin=R6-1
Added Net: Name=NetHG1_10
Added Pin To Net: NetName=NetHG1_11 Pin=HG1-11
Added Pin To Net: NetName=NetHG1_11 Pin=R1-1
Added Net: Name=NetHG1_11
Added Class: Name=Sheet3
Added Room: Name=Sheet3
